<?xml version="1.0" encoding="UTF-8"?>
<testsuite name="com.example.OrganizationApplicationTests" tests="1" skipped="0" failures="0" errors="0" timestamp="2017-04-07T21:20:09" hostname="l-pnelluri" time="0.064">
  <properties/>
  <testcase name="contextLoads" classname="com.example.OrganizationApplicationTests" time="0.064"/>
  <system-out><![CDATA[16:19:59.141 [Test worker] DEBUG org.springframework.test.context.junit4.SpringJUnit4ClassRunner - SpringJUnit4ClassRunner constructor called with [class com.example.OrganizationApplicationTests]
16:19:59.147 [Test worker] DEBUG org.springframework.test.context.BootstrapUtils - Instantiating CacheAwareContextLoaderDelegate from class [org.springframework.test.context.cache.DefaultCacheAwareContextLoaderDelegate]
16:19:59.156 [Test worker] DEBUG org.springframework.test.context.BootstrapUtils - Instantiating BootstrapContext using constructor [public org.springframework.test.context.support.DefaultBootstrapContext(java.lang.Class,org.springframework.test.context.CacheAwareContextLoaderDelegate)]
16:19:59.175 [Test worker] DEBUG org.springframework.test.context.BootstrapUtils - Instantiating TestContextBootstrapper for test class [com.example.OrganizationApplicationTests] from class [org.springframework.boot.test.context.SpringBootTestContextBootstrapper]
16:19:59.206 [Test worker] INFO org.springframework.boot.test.context.SpringBootTestContextBootstrapper - Neither @ContextConfiguration nor @ContextHierarchy found for test class [com.example.OrganizationApplicationTests], using SpringBootContextLoader
16:19:59.209 [Test worker] DEBUG org.springframework.test.context.support.AbstractContextLoader - Did not detect default resource location for test class [com.example.OrganizationApplicationTests]: class path resource [com/example/OrganizationApplicationTests-context.xml] does not exist
16:19:59.210 [Test worker] DEBUG org.springframework.test.context.support.AbstractContextLoader - Did not detect default resource location for test class [com.example.OrganizationApplicationTests]: class path resource [com/example/OrganizationApplicationTestsContext.groovy] does not exist
16:19:59.210 [Test worker] INFO org.springframework.test.context.support.AbstractContextLoader - Could not detect default resource locations for test class [com.example.OrganizationApplicationTests]: no resource found for suffixes {-context.xml, Context.groovy}.
16:19:59.211 [Test worker] INFO org.springframework.test.context.support.AnnotationConfigContextLoaderUtils - Could not detect default configuration classes for test class [com.example.OrganizationApplicationTests]: OrganizationApplicationTests does not declare any static, non-private, non-final, nested classes annotated with @Configuration.
16:19:59.259 [Test worker] DEBUG org.springframework.test.context.support.ActiveProfilesUtils - Could not find an 'annotation declaring class' for annotation type [org.springframework.test.context.ActiveProfiles] and class [com.example.OrganizationApplicationTests]
16:19:59.269 [Test worker] DEBUG org.springframework.core.env.StandardEnvironment - Adding [systemProperties] PropertySource with lowest search precedence
16:19:59.270 [Test worker] DEBUG org.springframework.core.env.StandardEnvironment - Adding [systemEnvironment] PropertySource with lowest search precedence
16:19:59.270 [Test worker] DEBUG org.springframework.core.env.StandardEnvironment - Initialized StandardEnvironment with PropertySources [systemProperties,systemEnvironment]
16:19:59.281 [Test worker] DEBUG org.springframework.core.io.support.PathMatchingResourcePatternResolver - Resolved classpath location [com/example/] to resources [URL [file:/C:/Users/poojitha.nelluri/IdeaProjects/Organization/build/classes/test/com/example/], URL [file:/C:/Users/poojitha.nelluri/IdeaProjects/Organization/build/classes/main/com/example/]]
16:19:59.281 [Test worker] DEBUG org.springframework.core.io.support.PathMatchingResourcePatternResolver - Looking for matching resources in directory tree [C:\Users\poojitha.nelluri\IdeaProjects\Organization\build\classes\test\com\example]
16:19:59.282 [Test worker] DEBUG org.springframework.core.io.support.PathMatchingResourcePatternResolver - Searching directory [C:\Users\poojitha.nelluri\IdeaProjects\Organization\build\classes\test\com\example] for files matching pattern [C:/Users/poojitha.nelluri/IdeaProjects/Organization/build/classes/test/com/example/*.class]
16:19:59.286 [Test worker] DEBUG org.springframework.core.io.support.PathMatchingResourcePatternResolver - Looking for matching resources in directory tree [C:\Users\poojitha.nelluri\IdeaProjects\Organization\build\classes\main\com\example]
16:19:59.286 [Test worker] DEBUG org.springframework.core.io.support.PathMatchingResourcePatternResolver - Searching directory [C:\Users\poojitha.nelluri\IdeaProjects\Organization\build\classes\main\com\example] for files matching pattern [C:/Users/poojitha.nelluri/IdeaProjects/Organization/build/classes/main/com/example/*.class]
16:19:59.288 [Test worker] DEBUG org.springframework.core.io.support.PathMatchingResourcePatternResolver - Resolved location pattern [classpath*:com/example/*.class] to resources [file [C:\Users\poojitha.nelluri\IdeaProjects\Organization\build\classes\test\com\example\OrganizationApplicationTests.class], file [C:\Users\poojitha.nelluri\IdeaProjects\Organization\build\classes\main\com\example\Organization.class], file [C:\Users\poojitha.nelluri\IdeaProjects\Organization\build\classes\main\com\example\OrganizationApplication.class], file [C:\Users\poojitha.nelluri\IdeaProjects\Organization\build\classes\main\com\example\OrganizationController.class], file [C:\Users\poojitha.nelluri\IdeaProjects\Organization\build\classes\main\com\example\OrganizationRepository.class], file [C:\Users\poojitha.nelluri\IdeaProjects\Organization\build\classes\main\com\example\OrganizationsDTO.class], file [C:\Users\poojitha.nelluri\IdeaProjects\Organization\build\classes\main\com\example\OrganizationService.class]]
16:19:59.336 [Test worker] DEBUG org.springframework.context.annotation.ClassPathScanningCandidateComponentProvider - Identified candidate component class: file [C:\Users\poojitha.nelluri\IdeaProjects\Organization\build\classes\main\com\example\OrganizationApplication.class]
16:19:59.354 [Test worker] INFO org.springframework.boot.test.context.SpringBootTestContextBootstrapper - Found @SpringBootConfiguration com.example.OrganizationApplication for test class com.example.OrganizationApplicationTests
16:19:59.358 [Test worker] DEBUG org.springframework.boot.test.context.SpringBootTestContextBootstrapper - @TestExecutionListeners is not present for class [com.example.OrganizationApplicationTests]: using defaults.
16:19:59.364 [Test worker] INFO org.springframework.boot.test.context.SpringBootTestContextBootstrapper - Loaded default TestExecutionListener class names from location [META-INF/spring.factories]: [org.springframework.boot.test.mock.mockito.MockitoTestExecutionListener, org.springframework.boot.test.mock.mockito.ResetMocksTestExecutionListener, org.springframework.boot.test.autoconfigure.restdocs.RestDocsTestExecutionListener, org.springframework.boot.test.autoconfigure.web.client.MockRestServiceServerResetTestExecutionListener, org.springframework.boot.test.autoconfigure.web.servlet.MockMvcPrintOnlyOnFailureTestExecutionListener, org.springframework.boot.test.autoconfigure.web.servlet.WebDriverTestExecutionListener, org.springframework.test.context.web.ServletTestExecutionListener, org.springframework.test.context.support.DirtiesContextBeforeModesTestExecutionListener, org.springframework.test.context.support.DependencyInjectionTestExecutionListener, org.springframework.test.context.support.DirtiesContextTestExecutionListener, org.springframework.test.context.transaction.TransactionalTestExecutionListener, org.springframework.test.context.jdbc.SqlScriptsTestExecutionListener]
16:19:59.391 [Test worker] INFO org.springframework.boot.test.context.SpringBootTestContextBootstrapper - Using TestExecutionListeners: [org.springframework.test.context.web.ServletTestExecutionListener@44d662a2, org.springframework.test.context.support.DirtiesContextBeforeModesTestExecutionListener@39850aee, org.springframework.boot.test.autoconfigure.SpringBootDependencyInjectionTestExecutionListener@2aaad2d9, org.springframework.test.context.support.DirtiesContextTestExecutionListener@7e079a23, org.springframework.test.context.transaction.TransactionalTestExecutionListener@9333433, org.springframework.test.context.jdbc.SqlScriptsTestExecutionListener@18f09d81, org.springframework.boot.test.autoconfigure.web.client.MockRestServiceServerResetTestExecutionListener@64b0b85c, org.springframework.boot.test.autoconfigure.web.servlet.MockMvcPrintOnlyOnFailureTestExecutionListener@26a4e06b, org.springframework.boot.test.mock.mockito.MockitoTestExecutionListener@36a6ca20, org.springframework.boot.test.mock.mockito.ResetMocksTestExecutionListener@2a2645e0, org.springframework.boot.test.autoconfigure.restdocs.RestDocsTestExecutionListener@4bb57aa0, org.springframework.boot.test.autoconfigure.web.servlet.WebDriverTestExecutionListener@4a936c05]
16:19:59.394 [Test worker] DEBUG org.springframework.test.annotation.ProfileValueUtils - Retrieved @ProfileValueSourceConfiguration [null] for test class [com.example.OrganizationApplicationTests]
16:19:59.395 [Test worker] DEBUG org.springframework.test.annotation.ProfileValueUtils - Retrieved ProfileValueSource type [class org.springframework.test.annotation.SystemProfileValueSource] for class [com.example.OrganizationApplicationTests]
16:19:59.396 [Test worker] DEBUG org.springframework.test.annotation.ProfileValueUtils - Retrieved @ProfileValueSourceConfiguration [null] for test class [com.example.OrganizationApplicationTests]
16:19:59.397 [Test worker] DEBUG org.springframework.test.annotation.ProfileValueUtils - Retrieved ProfileValueSource type [class org.springframework.test.annotation.SystemProfileValueSource] for class [com.example.OrganizationApplicationTests]
16:19:59.402 [Test worker] DEBUG org.springframework.test.context.support.AbstractDirtiesContextTestExecutionListener - Before test class: context [DefaultTestContext@3af349df testClass = OrganizationApplicationTests, testInstance = [null], testMethod = [null], testException = [null], mergedContextConfiguration = [WebMergedContextConfiguration@a1a7064 testClass = OrganizationApplicationTests, locations = '{}', classes = '{class com.example.OrganizationApplication}', contextInitializerClasses = '[]', activeProfiles = '{}', propertySourceLocations = '{}', propertySourceProperties = '{org.springframework.boot.test.context.SpringBootTestContextBootstrapper=true}', contextCustomizers = set[org.springframework.boot.test.context.SpringBootTestContextCustomizer@2640b579, org.springframework.boot.test.context.filter.ExcludeFilterContextCustomizer@314ed86b, org.springframework.boot.test.mock.mockito.MockitoContextCustomizer@0, org.springframework.boot.test.autoconfigure.properties.PropertyMappingContextCustomizer@0, org.springframework.boot.test.autoconfigure.web.servlet.WebDriverContextCustomizerFactory$Customizer@6e568870], resourceBasePath = 'src/main/webapp', contextLoader = 'org.springframework.boot.test.context.SpringBootContextLoader', parent = [null]]], class annotated with @DirtiesContext [false] with mode [null].
16:19:59.403 [Test worker] DEBUG org.springframework.test.annotation.ProfileValueUtils - Retrieved @ProfileValueSourceConfiguration [null] for test class [com.example.OrganizationApplicationTests]
16:19:59.403 [Test worker] DEBUG org.springframework.test.annotation.ProfileValueUtils - Retrieved ProfileValueSource type [class org.springframework.test.annotation.SystemProfileValueSource] for class [com.example.OrganizationApplicationTests]
16:19:59.478 [Test worker] DEBUG org.springframework.core.env.StandardEnvironment - Adding [systemProperties] PropertySource with lowest search precedence
16:19:59.479 [Test worker] DEBUG org.springframework.core.env.StandardEnvironment - Adding [systemEnvironment] PropertySource with lowest search precedence
16:19:59.479 [Test worker] DEBUG org.springframework.core.env.StandardEnvironment - Initialized StandardEnvironment with PropertySources [systemProperties,systemEnvironment]
16:19:59.480 [Test worker] DEBUG org.springframework.core.env.MutablePropertySources - Adding [inline] PropertySource with highest search precedence
16:19:59.486 [Test worker] DEBUG org.springframework.test.context.support.TestPropertySourceUtils - Adding inlined properties to environment: {spring.jmx.enabled=false, org.springframework.boot.test.context.SpringBootTestContextBootstrapper=true, server.port=-1}
16:19:59.486 [Test worker] DEBUG org.springframework.core.env.StandardEnvironment - Adding [Inlined Test Properties] PropertySource with highest search precedence

  .   ____          _            __ _ _
 /\\ / ___'_ __ _ _(_)_ __  __ _ \ \ \ \
( ( )\___ | '_ | '_| | '_ \/ _` | \ \ \ \
 \\/  ___)| |_)| | | | | || (_| |  ) ) ) )
  '  |____| .__|_| |_|_| |_\__, | / / / /
 =========|_|==============|___/=/_/_/_/
 :: Spring Boot ::        (v1.5.2.RELEASE)

2017-04-07 16:19:59.864  INFO 7948 --- [    Test worker] c.example.OrganizationApplicationTests   : Starting OrganizationApplicationTests on l-pnelluri with PID 7948 (started by poojitha.nelluri in C:\Users\poojitha.nelluri\IdeaProjects\Organization)
2017-04-07 16:19:59.865  INFO 7948 --- [    Test worker] c.example.OrganizationApplicationTests   : No active profile set, falling back to default profiles: default
2017-04-07 16:19:59.967  INFO 7948 --- [    Test worker] o.s.w.c.s.GenericWebApplicationContext   : Refreshing org.springframework.web.context.support.GenericWebApplicationContext@1dbd92ec: startup date [Fri Apr 07 16:19:59 CDT 2017]; root of context hierarchy
2017-04-07 16:20:00.660 DEBUG 7948 --- [kground-preinit] o.h.v.i.e.r.DefaultTraversableResolver   : Found javax.persistence.Persistence on classpath containing 'getPersistenceUtil'. Assuming JPA 2 environment. Trying to instantiate JPA aware TraversableResolver
2017-04-07 16:20:00.664 DEBUG 7948 --- [kground-preinit] o.h.v.i.e.r.DefaultTraversableResolver   : Instantiated JPA aware TraversableResolver of type org.hibernate.validator.internal.engine.resolver.JPATraversableResolver.
2017-04-07 16:20:01.449 DEBUG 7948 --- [    Test worker] o.h.v.i.e.r.DefaultTraversableResolver   : Found javax.persistence.Persistence on classpath containing 'getPersistenceUtil'. Assuming JPA 2 environment. Trying to instantiate JPA aware TraversableResolver
2017-04-07 16:20:01.450 DEBUG 7948 --- [    Test worker] o.h.v.i.e.r.DefaultTraversableResolver   : Instantiated JPA aware TraversableResolver of type org.hibernate.validator.internal.engine.resolver.JPATraversableResolver.
2017-04-07 16:20:01.476 DEBUG 7948 --- [    Test worker] o.h.v.i.e.r.DefaultTraversableResolver   : Found javax.persistence.Persistence on classpath containing 'getPersistenceUtil'. Assuming JPA 2 environment. Trying to instantiate JPA aware TraversableResolver
2017-04-07 16:20:01.476 DEBUG 7948 --- [    Test worker] o.h.v.i.e.r.DefaultTraversableResolver   : Instantiated JPA aware TraversableResolver of type org.hibernate.validator.internal.engine.resolver.JPATraversableResolver.
2017-04-07 16:20:01.482 DEBUG 7948 --- [    Test worker] o.h.v.internal.engine.ConfigurationImpl  : Setting custom MessageInterpolator of type org.springframework.validation.beanvalidation.LocaleContextMessageInterpolator
2017-04-07 16:20:01.483 DEBUG 7948 --- [    Test worker] o.h.v.internal.engine.ConfigurationImpl  : Setting custom ConstraintValidatorFactory of type org.springframework.validation.beanvalidation.SpringConstraintValidatorFactory
2017-04-07 16:20:01.484 DEBUG 7948 --- [    Test worker] o.h.v.internal.engine.ConfigurationImpl  : Setting custom ParameterNameProvider of type com.sun.proxy.$Proxy67
2017-04-07 16:20:01.486 DEBUG 7948 --- [    Test worker] o.h.v.internal.xml.ValidationXmlParser   : Trying to load META-INF/validation.xml for XML based Validator configuration.
2017-04-07 16:20:01.488 DEBUG 7948 --- [    Test worker] o.h.v.internal.xml.ResourceLoaderHelper  : Trying to load META-INF/validation.xml via user class loader
2017-04-07 16:20:01.490 DEBUG 7948 --- [    Test worker] o.h.v.internal.xml.ResourceLoaderHelper  : Trying to load META-INF/validation.xml via TCCL
2017-04-07 16:20:01.490 DEBUG 7948 --- [    Test worker] o.h.v.internal.xml.ResourceLoaderHelper  : Trying to load META-INF/validation.xml via Hibernate Validator's class loader
2017-04-07 16:20:01.491 DEBUG 7948 --- [    Test worker] o.h.v.internal.xml.ValidationXmlParser   : No META-INF/validation.xml found. Using annotation based configuration only.
2017-04-07 16:20:01.612  INFO 7948 --- [    Test worker] trationDelegate$BeanPostProcessorChecker : Bean 'org.springframework.transaction.annotation.ProxyTransactionManagementConfiguration' of type [org.springframework.transaction.annotation.ProxyTransactionManagementConfiguration$$EnhancerBySpringCGLIB$$bd908d52] is not eligible for getting processed by all BeanPostProcessors (for example: not eligible for auto-proxying)
2017-04-07 16:20:01.695 DEBUG 7948 --- [    Test worker] o.h.v.i.e.r.DefaultTraversableResolver   : Found javax.persistence.Persistence on classpath containing 'getPersistenceUtil'. Assuming JPA 2 environment. Trying to instantiate JPA aware TraversableResolver
2017-04-07 16:20:01.695 DEBUG 7948 --- [    Test worker] o.h.v.i.e.r.DefaultTraversableResolver   : Instantiated JPA aware TraversableResolver of type org.hibernate.validator.internal.engine.resolver.JPATraversableResolver.
2017-04-07 16:20:01.696 DEBUG 7948 --- [    Test worker] o.h.v.i.e.r.DefaultTraversableResolver   : Found javax.persistence.Persistence on classpath containing 'getPersistenceUtil'. Assuming JPA 2 environment. Trying to instantiate JPA aware TraversableResolver
2017-04-07 16:20:01.696 DEBUG 7948 --- [    Test worker] o.h.v.i.e.r.DefaultTraversableResolver   : Instantiated JPA aware TraversableResolver of type org.hibernate.validator.internal.engine.resolver.JPATraversableResolver.
2017-04-07 16:20:01.696 DEBUG 7948 --- [    Test worker] o.h.v.internal.engine.ConfigurationImpl  : Setting custom MessageInterpolator of type org.springframework.validation.beanvalidation.LocaleContextMessageInterpolator
2017-04-07 16:20:01.696 DEBUG 7948 --- [    Test worker] o.h.v.internal.engine.ConfigurationImpl  : Setting custom ConstraintValidatorFactory of type org.springframework.validation.beanvalidation.SpringConstraintValidatorFactory
2017-04-07 16:20:01.697 DEBUG 7948 --- [    Test worker] o.h.v.internal.engine.ConfigurationImpl  : Setting custom ParameterNameProvider of type com.sun.proxy.$Proxy67
2017-04-07 16:20:01.697 DEBUG 7948 --- [    Test worker] o.h.v.internal.xml.ValidationXmlParser   : Trying to load META-INF/validation.xml for XML based Validator configuration.
2017-04-07 16:20:01.697 DEBUG 7948 --- [    Test worker] o.h.v.internal.xml.ResourceLoaderHelper  : Trying to load META-INF/validation.xml via user class loader
2017-04-07 16:20:01.697 DEBUG 7948 --- [    Test worker] o.h.v.internal.xml.ResourceLoaderHelper  : Trying to load META-INF/validation.xml via TCCL
2017-04-07 16:20:01.698 DEBUG 7948 --- [    Test worker] o.h.v.internal.xml.ResourceLoaderHelper  : Trying to load META-INF/validation.xml via Hibernate Validator's class loader
2017-04-07 16:20:01.698 DEBUG 7948 --- [    Test worker] o.h.v.internal.xml.ValidationXmlParser   : No META-INF/validation.xml found. Using annotation based configuration only.
2017-04-07 16:20:06.299  INFO 7948 --- [    Test worker] j.LocalContainerEntityManagerFactoryBean : Building JPA container EntityManagerFactory for persistence unit 'default'
2017-04-07 16:20:06.360 DEBUG 7948 --- [    Test worker] o.hibernate.jpa.internal.util.LogHelper  : PersistenceUnitInfo [
	name: default
	persistence provider classname: null
	classloader: sun.misc.Launcher$AppClassLoader@73d16e93
	excludeUnlistedClasses: true
	JTA datasource: null
	Non JTA datasource: org.apache.tomcat.jdbc.pool.DataSource@70ee140{ConnectionPool[defaultAutoCommit=null; defaultReadOnly=null; defaultTransactionIsolation=-1; defaultCatalog=null; driverClassName=com.mysql.jdbc.Driver; maxActive=100; maxIdle=100; minIdle=10; initialSize=10; maxWait=30000; testOnBorrow=true; testOnReturn=false; timeBetweenEvictionRunsMillis=5000; numTestsPerEvictionRun=0; minEvictableIdleTimeMillis=60000; testWhileIdle=false; testOnConnect=false; password=********; url=jdbc:mysql://tcfj-rds-db.cimnc2ecuxzw.us-west-2.rds.amazonaws.com:3306/tfcj_rds_db; username=awsmaster; validationQuery=SELECT 1; validationQueryTimeout=-1; validatorClassName=null; validationInterval=3000; accessToUnderlyingConnectionAllowed=true; removeAbandoned=false; removeAbandonedTimeout=60; logAbandoned=false; connectionProperties=null; initSQL=null; jdbcInterceptors=null; jmxEnabled=true; fairQueue=true; useEquals=true; abandonWhenPercentageFull=0; maxAge=0; useLock=false; dataSource=null; dataSourceJNDI=null; suspectTimeout=0; alternateUsernameAllowed=false; commitOnReturn=false; rollbackOnReturn=false; useDisposableConnectionFacade=true; logValidationErrors=false; propagateInterruptState=false; ignoreExceptionOnPreLoad=false; }
	Transaction type: RESOURCE_LOCAL
	PU root URL: file:/C:/Users/poojitha.nelluri/IdeaProjects/Organization/build/classes/test/
	Shared Cache Mode: UNSPECIFIED
	Validation Mode: AUTO
	Jar files URLs []
	Managed classes names [
		com.example.Organization]
	Mapping files names []
	Properties []
2017-04-07 16:20:06.390 DEBUG 7948 --- [    Test worker] o.h.i.internal.IntegratorServiceImpl     : Adding Integrator [org.hibernate.cfg.beanvalidation.BeanValidationIntegrator].
2017-04-07 16:20:06.392 DEBUG 7948 --- [    Test worker] o.h.i.internal.IntegratorServiceImpl     : Adding Integrator [org.hibernate.secure.spi.JaccIntegrator].
2017-04-07 16:20:06.396 DEBUG 7948 --- [    Test worker] o.h.i.internal.IntegratorServiceImpl     : Adding Integrator [org.hibernate.cache.internal.CollectionCacheInvalidator].
2017-04-07 16:20:06.396 DEBUG 7948 --- [    Test worker] o.h.i.internal.IntegratorServiceImpl     : Adding Integrator [org.hibernate.jpa.event.spi.JpaIntegrator].
2017-04-07 16:20:06.503  INFO 7948 --- [    Test worker] org.hibernate.Version                    : HHH000412: Hibernate Core {5.0.12.Final}
2017-04-07 16:20:06.508  INFO 7948 --- [    Test worker] org.hibernate.cfg.Environment            : HHH000206: hibernate.properties not found
2017-04-07 16:20:06.516  INFO 7948 --- [    Test worker] org.hibernate.cfg.Environment            : HHH000021: Bytecode provider name : javassist
2017-04-07 16:20:06.545 DEBUG 7948 --- [    Test worker] o.hibernate.service.spi.ServiceBinding   : Overriding existing service binding [org.hibernate.secure.spi.JaccService]
2017-04-07 16:20:06.733 DEBUG 7948 --- [    Test worker] o.h.c.internal.RegionFactoryInitiator    : Cache region factory : org.hibernate.cache.internal.NoCachingRegionFactory
2017-04-07 16:20:06.762  INFO 7948 --- [    Test worker] o.hibernate.annotations.common.Version   : HCANN000001: Hibernate Commons Annotations {5.0.1.Final}
2017-04-07 16:20:06.849 DEBUG 7948 --- [    Test worker] org.hibernate.type.BasicTypeRegistry     : Adding type registration boolean -> org.hibernate.type.BooleanType@18a7186e
2017-04-07 16:20:06.849 DEBUG 7948 --- [    Test worker] org.hibernate.type.BasicTypeRegistry     : Adding type registration boolean -> org.hibernate.type.BooleanType@18a7186e
2017-04-07 16:20:06.849 DEBUG 7948 --- [    Test worker] org.hibernate.type.BasicTypeRegistry     : Adding type registration java.lang.Boolean -> org.hibernate.type.BooleanType@18a7186e
2017-04-07 16:20:06.850 DEBUG 7948 --- [    Test worker] org.hibernate.type.BasicTypeRegistry     : Adding type registration numeric_boolean -> org.hibernate.type.NumericBooleanType@4904289c
2017-04-07 16:20:06.852 DEBUG 7948 --- [    Test worker] org.hibernate.type.BasicTypeRegistry     : Adding type registration true_false -> org.hibernate.type.TrueFalseType@34c5c892
2017-04-07 16:20:06.852 DEBUG 7948 --- [    Test worker] org.hibernate.type.BasicTypeRegistry     : Adding type registration yes_no -> org.hibernate.type.YesNoType@71228380
2017-04-07 16:20:06.854 DEBUG 7948 --- [    Test worker] org.hibernate.type.BasicTypeRegistry     : Adding type registration byte -> org.hibernate.type.ByteType@725ec1f3
2017-04-07 16:20:06.854 DEBUG 7948 --- [    Test worker] org.hibernate.type.BasicTypeRegistry     : Adding type registration byte -> org.hibernate.type.ByteType@725ec1f3
2017-04-07 16:20:06.854 DEBUG 7948 --- [    Test worker] org.hibernate.type.BasicTypeRegistry     : Adding type registration java.lang.Byte -> org.hibernate.type.ByteType@725ec1f3
2017-04-07 16:20:06.855 DEBUG 7948 --- [    Test worker] org.hibernate.type.BasicTypeRegistry     : Adding type registration character -> org.hibernate.type.CharacterType@3d88c95b
2017-04-07 16:20:06.855 DEBUG 7948 --- [    Test worker] org.hibernate.type.BasicTypeRegistry     : Adding type registration char -> org.hibernate.type.CharacterType@3d88c95b
2017-04-07 16:20:06.855 DEBUG 7948 --- [    Test worker] org.hibernate.type.BasicTypeRegistry     : Adding type registration java.lang.Character -> org.hibernate.type.CharacterType@3d88c95b
2017-04-07 16:20:06.857 DEBUG 7948 --- [    Test worker] org.hibernate.type.BasicTypeRegistry     : Adding type registration short -> org.hibernate.type.ShortType@1c3c634d
2017-04-07 16:20:06.857 DEBUG 7948 --- [    Test worker] org.hibernate.type.BasicTypeRegistry     : Adding type registration short -> org.hibernate.type.ShortType@1c3c634d
2017-04-07 16:20:06.857 DEBUG 7948 --- [    Test worker] org.hibernate.type.BasicTypeRegistry     : Adding type registration java.lang.Short -> org.hibernate.type.ShortType@1c3c634d
2017-04-07 16:20:06.859 DEBUG 7948 --- [    Test worker] org.hibernate.type.BasicTypeRegistry     : Adding type registration integer -> org.hibernate.type.IntegerType@1a513ea3
2017-04-07 16:20:06.859 DEBUG 7948 --- [    Test worker] org.hibernate.type.BasicTypeRegistry     : Adding type registration int -> org.hibernate.type.IntegerType@1a513ea3
2017-04-07 16:20:06.859 DEBUG 7948 --- [    Test worker] org.hibernate.type.BasicTypeRegistry     : Adding type registration java.lang.Integer -> org.hibernate.type.IntegerType@1a513ea3
2017-04-07 16:20:06.861 DEBUG 7948 --- [    Test worker] org.hibernate.type.BasicTypeRegistry     : Adding type registration long -> org.hibernate.type.LongType@2e303781
2017-04-07 16:20:06.861 DEBUG 7948 --- [    Test worker] org.hibernate.type.BasicTypeRegistry     : Adding type registration long -> org.hibernate.type.LongType@2e303781
2017-04-07 16:20:06.861 DEBUG 7948 --- [    Test worker] org.hibernate.type.BasicTypeRegistry     : Adding type registration java.lang.Long -> org.hibernate.type.LongType@2e303781
2017-04-07 16:20:06.863 DEBUG 7948 --- [    Test worker] org.hibernate.type.BasicTypeRegistry     : Adding type registration float -> org.hibernate.type.FloatType@7493ce9a
2017-04-07 16:20:06.864 DEBUG 7948 --- [    Test worker] org.hibernate.type.BasicTypeRegistry     : Adding type registration float -> org.hibernate.type.FloatType@7493ce9a
2017-04-07 16:20:06.864 DEBUG 7948 --- [    Test worker] org.hibernate.type.BasicTypeRegistry     : Adding type registration java.lang.Float -> org.hibernate.type.FloatType@7493ce9a
2017-04-07 16:20:06.866 DEBUG 7948 --- [    Test worker] org.hibernate.type.BasicTypeRegistry     : Adding type registration double -> org.hibernate.type.DoubleType@771ced0
2017-04-07 16:20:06.866 DEBUG 7948 --- [    Test worker] org.hibernate.type.BasicTypeRegistry     : Adding type registration double -> org.hibernate.type.DoubleType@771ced0
2017-04-07 16:20:06.866 DEBUG 7948 --- [    Test worker] org.hibernate.type.BasicTypeRegistry     : Adding type registration java.lang.Double -> org.hibernate.type.DoubleType@771ced0
2017-04-07 16:20:06.868 DEBUG 7948 --- [    Test worker] org.hibernate.type.BasicTypeRegistry     : Adding type registration big_decimal -> org.hibernate.type.BigDecimalType@24b632cc
2017-04-07 16:20:06.868 DEBUG 7948 --- [    Test worker] org.hibernate.type.BasicTypeRegistry     : Adding type registration java.math.BigDecimal -> org.hibernate.type.BigDecimalType@24b632cc
2017-04-07 16:20:06.870 DEBUG 7948 --- [    Test worker] org.hibernate.type.BasicTypeRegistry     : Adding type registration big_integer -> org.hibernate.type.BigIntegerType@6d08b8b9
2017-04-07 16:20:06.870 DEBUG 7948 --- [    Test worker] org.hibernate.type.BasicTypeRegistry     : Adding type registration java.math.BigInteger -> org.hibernate.type.BigIntegerType@6d08b8b9
2017-04-07 16:20:06.871 DEBUG 7948 --- [    Test worker] org.hibernate.type.BasicTypeRegistry     : Adding type registration string -> org.hibernate.type.StringType@fb2d832
2017-04-07 16:20:06.871 DEBUG 7948 --- [    Test worker] org.hibernate.type.BasicTypeRegistry     : Adding type registration java.lang.String -> org.hibernate.type.StringType@fb2d832
2017-04-07 16:20:06.872 DEBUG 7948 --- [    Test worker] org.hibernate.type.BasicTypeRegistry     : Adding type registration nstring -> org.hibernate.type.StringNVarcharType@408b968c
2017-04-07 16:20:06.873 DEBUG 7948 --- [    Test worker] org.hibernate.type.BasicTypeRegistry     : Adding type registration ncharacter -> org.hibernate.type.CharacterNCharType@28567d4c
2017-04-07 16:20:06.874 DEBUG 7948 --- [    Test worker] org.hibernate.type.BasicTypeRegistry     : Adding type registration url -> org.hibernate.type.UrlType@74d51483
2017-04-07 16:20:06.874 DEBUG 7948 --- [    Test worker] org.hibernate.type.BasicTypeRegistry     : Adding type registration java.net.URL -> org.hibernate.type.UrlType@74d51483
2017-04-07 16:20:06.876 DEBUG 7948 --- [    Test worker] org.hibernate.type.BasicTypeRegistry     : Adding type registration date -> org.hibernate.type.DateType@27ef8ac
2017-04-07 16:20:06.876 DEBUG 7948 --- [    Test worker] org.hibernate.type.BasicTypeRegistry     : Adding type registration java.sql.Date -> org.hibernate.type.DateType@27ef8ac
2017-04-07 16:20:06.960 DEBUG 7948 --- [    Test worker] org.hibernate.type.BasicTypeRegistry     : Adding type registration time -> org.hibernate.type.TimeType@2d90a8c5
2017-04-07 16:20:06.961 DEBUG 7948 --- [    Test worker] org.hibernate.type.BasicTypeRegistry     : Adding type registration java.sql.Time -> org.hibernate.type.TimeType@2d90a8c5
2017-04-07 16:20:06.963 DEBUG 7948 --- [    Test worker] org.hibernate.type.BasicTypeRegistry     : Adding type registration timestamp -> org.hibernate.type.TimestampType@4c1ddc8a
2017-04-07 16:20:06.963 DEBUG 7948 --- [    Test worker] org.hibernate.type.BasicTypeRegistry     : Adding type registration java.sql.Timestamp -> org.hibernate.type.TimestampType@4c1ddc8a
2017-04-07 16:20:06.963 DEBUG 7948 --- [    Test worker] org.hibernate.type.BasicTypeRegistry     : Adding type registration java.util.Date -> org.hibernate.type.TimestampType@4c1ddc8a
2017-04-07 16:20:06.965 DEBUG 7948 --- [    Test worker] org.hibernate.type.BasicTypeRegistry     : Adding type registration dbtimestamp -> org.hibernate.type.DbTimestampType@5b189579
2017-04-07 16:20:06.966 DEBUG 7948 --- [    Test worker] org.hibernate.type.BasicTypeRegistry     : Adding type registration calendar -> org.hibernate.type.CalendarType@6a97e2bd
2017-04-07 16:20:06.967 DEBUG 7948 --- [    Test worker] org.hibernate.type.BasicTypeRegistry     : Adding type registration java.util.Calendar -> org.hibernate.type.CalendarType@6a97e2bd
2017-04-07 16:20:06.968 DEBUG 7948 --- [    Test worker] org.hibernate.type.BasicTypeRegistry     : Adding type registration java.util.GregorianCalendar -> org.hibernate.type.CalendarType@6a97e2bd
2017-04-07 16:20:06.970 DEBUG 7948 --- [    Test worker] org.hibernate.type.BasicTypeRegistry     : Adding type registration calendar_date -> org.hibernate.type.CalendarDateType@140fbd23
2017-04-07 16:20:06.971 DEBUG 7948 --- [    Test worker] org.hibernate.type.BasicTypeRegistry     : Adding type registration locale -> org.hibernate.type.LocaleType@78c40e44
2017-04-07 16:20:06.971 DEBUG 7948 --- [    Test worker] org.hibernate.type.BasicTypeRegistry     : Adding type registration java.util.Locale -> org.hibernate.type.LocaleType@78c40e44
2017-04-07 16:20:06.973 DEBUG 7948 --- [    Test worker] org.hibernate.type.BasicTypeRegistry     : Adding type registration currency -> org.hibernate.type.CurrencyType@57ecf602
2017-04-07 16:20:06.973 DEBUG 7948 --- [    Test worker] org.hibernate.type.BasicTypeRegistry     : Adding type registration java.util.Currency -> org.hibernate.type.CurrencyType@57ecf602
2017-04-07 16:20:06.974 DEBUG 7948 --- [    Test worker] org.hibernate.type.BasicTypeRegistry     : Adding type registration timezone -> org.hibernate.type.TimeZoneType@6cfcc12d
2017-04-07 16:20:06.975 DEBUG 7948 --- [    Test worker] org.hibernate.type.BasicTypeRegistry     : Adding type registration java.util.TimeZone -> org.hibernate.type.TimeZoneType@6cfcc12d
2017-04-07 16:20:06.976 DEBUG 7948 --- [    Test worker] org.hibernate.type.BasicTypeRegistry     : Adding type registration class -> org.hibernate.type.ClassType@77a24ff0
2017-04-07 16:20:06.976 DEBUG 7948 --- [    Test worker] org.hibernate.type.BasicTypeRegistry     : Adding type registration java.lang.Class -> org.hibernate.type.ClassType@77a24ff0
2017-04-07 16:20:06.978 DEBUG 7948 --- [    Test worker] org.hibernate.type.BasicTypeRegistry     : Adding type registration uuid-binary -> org.hibernate.type.UUIDBinaryType@378ca4cb
2017-04-07 16:20:06.978 DEBUG 7948 --- [    Test worker] org.hibernate.type.BasicTypeRegistry     : Adding type registration java.util.UUID -> org.hibernate.type.UUIDBinaryType@378ca4cb
2017-04-07 16:20:06.978 DEBUG 7948 --- [    Test worker] org.hibernate.type.BasicTypeRegistry     : Adding type registration uuid-char -> org.hibernate.type.UUIDCharType@1e2841d0
2017-04-07 16:20:06.979 DEBUG 7948 --- [    Test worker] org.hibernate.type.BasicTypeRegistry     : Adding type registration binary -> org.hibernate.type.BinaryType@3911fa12
2017-04-07 16:20:06.979 DEBUG 7948 --- [    Test worker] org.hibernate.type.BasicTypeRegistry     : Adding type registration byte[] -> org.hibernate.type.BinaryType@3911fa12
2017-04-07 16:20:06.979 DEBUG 7948 --- [    Test worker] org.hibernate.type.BasicTypeRegistry     : Adding type registration [B -> org.hibernate.type.BinaryType@3911fa12
2017-04-07 16:20:06.980 DEBUG 7948 --- [    Test worker] org.hibernate.type.BasicTypeRegistry     : Adding type registration wrapper-binary -> org.hibernate.type.WrapperBinaryType@1d44f1
2017-04-07 16:20:06.980 DEBUG 7948 --- [    Test worker] org.hibernate.type.BasicTypeRegistry     : Adding type registration Byte[] -> org.hibernate.type.WrapperBinaryType@1d44f1
2017-04-07 16:20:06.980 DEBUG 7948 --- [    Test worker] org.hibernate.type.BasicTypeRegistry     : Adding type registration [Ljava.lang.Byte; -> org.hibernate.type.WrapperBinaryType@1d44f1
2017-04-07 16:20:06.982 DEBUG 7948 --- [    Test worker] org.hibernate.type.BasicTypeRegistry     : Adding type registration row_version -> org.hibernate.type.RowVersionType@5b9608ba
2017-04-07 16:20:06.983 DEBUG 7948 --- [    Test worker] org.hibernate.type.BasicTypeRegistry     : Adding type registration image -> org.hibernate.type.ImageType@5991aefd
2017-04-07 16:20:06.984 DEBUG 7948 --- [    Test worker] org.hibernate.type.BasicTypeRegistry     : Adding type registration characters -> org.hibernate.type.CharArrayType@3caf9736
2017-04-07 16:20:06.984 DEBUG 7948 --- [    Test worker] org.hibernate.type.BasicTypeRegistry     : Adding type registration char[] -> org.hibernate.type.CharArrayType@3caf9736
2017-04-07 16:20:06.984 DEBUG 7948 --- [    Test worker] org.hibernate.type.BasicTypeRegistry     : Adding type registration [C -> org.hibernate.type.CharArrayType@3caf9736
2017-04-07 16:20:06.985 DEBUG 7948 --- [    Test worker] org.hibernate.type.BasicTypeRegistry     : Adding type registration wrapper-characters -> org.hibernate.type.CharacterArrayType@2d815c1b
2017-04-07 16:20:06.985 DEBUG 7948 --- [    Test worker] org.hibernate.type.BasicTypeRegistry     : Adding type registration [Ljava.lang.Character; -> org.hibernate.type.CharacterArrayType@2d815c1b
2017-04-07 16:20:06.985 DEBUG 7948 --- [    Test worker] org.hibernate.type.BasicTypeRegistry     : Adding type registration Character[] -> org.hibernate.type.CharacterArrayType@2d815c1b
2017-04-07 16:20:06.986 DEBUG 7948 --- [    Test worker] org.hibernate.type.BasicTypeRegistry     : Adding type registration text -> org.hibernate.type.TextType@4bbe9bee
2017-04-07 16:20:06.987 DEBUG 7948 --- [    Test worker] org.hibernate.type.BasicTypeRegistry     : Adding type registration ntext -> org.hibernate.type.NTextType@70fea616
2017-04-07 16:20:06.991 DEBUG 7948 --- [    Test worker] org.hibernate.type.BasicTypeRegistry     : Adding type registration blob -> org.hibernate.type.BlobType@503dab1d
2017-04-07 16:20:06.991 DEBUG 7948 --- [    Test worker] org.hibernate.type.BasicTypeRegistry     : Adding type registration java.sql.Blob -> org.hibernate.type.BlobType@503dab1d
2017-04-07 16:20:06.991 DEBUG 7948 --- [    Test worker] org.hibernate.type.BasicTypeRegistry     : Adding type registration materialized_blob -> org.hibernate.type.MaterializedBlobType@75960bf4
2017-04-07 16:20:06.994 DEBUG 7948 --- [    Test worker] org.hibernate.type.BasicTypeRegistry     : Adding type registration clob -> org.hibernate.type.ClobType@54df0ffc
2017-04-07 16:20:06.995 DEBUG 7948 --- [    Test worker] org.hibernate.type.BasicTypeRegistry     : Adding type registration java.sql.Clob -> org.hibernate.type.ClobType@54df0ffc
2017-04-07 16:20:06.999 DEBUG 7948 --- [    Test worker] org.hibernate.type.BasicTypeRegistry     : Adding type registration nclob -> org.hibernate.type.NClobType@2f789332
2017-04-07 16:20:06.999 DEBUG 7948 --- [    Test worker] org.hibernate.type.BasicTypeRegistry     : Adding type registration java.sql.NClob -> org.hibernate.type.NClobType@2f789332
2017-04-07 16:20:07.000 DEBUG 7948 --- [    Test worker] org.hibernate.type.BasicTypeRegistry     : Adding type registration materialized_clob -> org.hibernate.type.MaterializedClobType@12e9c9b2
2017-04-07 16:20:07.001 DEBUG 7948 --- [    Test worker] org.hibernate.type.BasicTypeRegistry     : Adding type registration materialized_nclob -> org.hibernate.type.MaterializedNClobType@5b6c6340
2017-04-07 16:20:07.002 DEBUG 7948 --- [    Test worker] org.hibernate.type.BasicTypeRegistry     : Adding type registration serializable -> org.hibernate.type.SerializableType@993ce49
2017-04-07 16:20:07.005 DEBUG 7948 --- [    Test worker] org.hibernate.type.BasicTypeRegistry     : Adding type registration object -> org.hibernate.type.ObjectType@1c06c7ec
2017-04-07 16:20:07.006 DEBUG 7948 --- [    Test worker] org.hibernate.type.BasicTypeRegistry     : Adding type registration java.lang.Object -> org.hibernate.type.ObjectType@1c06c7ec
2017-04-07 16:20:07.006 DEBUG 7948 --- [    Test worker] org.hibernate.type.BasicTypeRegistry     : Adding type registration imm_date -> org.hibernate.type.AdaptedImmutableType@55a5b9
2017-04-07 16:20:07.006 DEBUG 7948 --- [    Test worker] org.hibernate.type.BasicTypeRegistry     : Adding type registration imm_time -> org.hibernate.type.AdaptedImmutableType@2a463bf8
2017-04-07 16:20:07.007 DEBUG 7948 --- [    Test worker] org.hibernate.type.BasicTypeRegistry     : Adding type registration imm_timestamp -> org.hibernate.type.AdaptedImmutableType@56237e89
2017-04-07 16:20:07.007 DEBUG 7948 --- [    Test worker] org.hibernate.type.BasicTypeRegistry     : Adding type registration imm_dbtimestamp -> org.hibernate.type.AdaptedImmutableType@6b2b894b
2017-04-07 16:20:07.007 DEBUG 7948 --- [    Test worker] org.hibernate.type.BasicTypeRegistry     : Adding type registration imm_calendar -> org.hibernate.type.AdaptedImmutableType@46fe81fa
2017-04-07 16:20:07.007 DEBUG 7948 --- [    Test worker] org.hibernate.type.BasicTypeRegistry     : Adding type registration imm_calendar_date -> org.hibernate.type.AdaptedImmutableType@5d7ceb26
2017-04-07 16:20:07.007 DEBUG 7948 --- [    Test worker] org.hibernate.type.BasicTypeRegistry     : Adding type registration imm_binary -> org.hibernate.type.AdaptedImmutableType@10660136
2017-04-07 16:20:07.007 DEBUG 7948 --- [    Test worker] org.hibernate.type.BasicTypeRegistry     : Adding type registration imm_serializable -> org.hibernate.type.AdaptedImmutableType@27b0a3a0
2017-04-07 16:20:07.026 DEBUG 7948 --- [    Test worker] o.h.e.j.e.i.JdbcEnvironmentInitiator     : Database ->
       name : MySQL
    version : 5.6.27-log
      major : 5
      minor : 6
2017-04-07 16:20:07.026 DEBUG 7948 --- [    Test worker] o.h.e.j.e.i.JdbcEnvironmentInitiator     : Driver ->
       name : MySQL Connector Java
    version : mysql-connector-java-6.0.5 ( Revision: 6e477e32dff18fb4dc102e53f5a68037a9f8762e )
      major : 6
      minor : 0
2017-04-07 16:20:07.026 DEBUG 7948 --- [    Test worker] o.h.e.j.e.i.JdbcEnvironmentInitiator     : JDBC version : 4.1
2017-04-07 16:20:07.038  INFO 7948 --- [    Test worker] org.hibernate.dialect.Dialect            : HHH000400: Using dialect: org.hibernate.dialect.MySQL5Dialect
2017-04-07 16:20:07.069 DEBUG 7948 --- [    Test worker] o.h.e.j.env.spi.IdentifierHelperBuilder  : JDBC driver metadata reported database stores quoted identifiers in more than one case
2017-04-07 16:20:07.072 DEBUG 7948 --- [    Test worker] o.h.e.j.env.spi.IdentifierHelperBuilder  : IdentifierCaseStrategy for both quoted and unquoted identifiers was set to the same strategy [MIXED]; that will likely lead to problems in schema update and validation if using quoted identifiers
2017-04-07 16:20:07.115 DEBUG 7948 --- [    Test worker] .i.f.i.DefaultIdentifierGeneratorFactory : Registering IdentifierGenerator strategy [uuid2] -> [org.hibernate.id.UUIDGenerator]
2017-04-07 16:20:07.116 DEBUG 7948 --- [    Test worker] .i.f.i.DefaultIdentifierGeneratorFactory : Registering IdentifierGenerator strategy [guid] -> [org.hibernate.id.GUIDGenerator]
2017-04-07 16:20:07.117 DEBUG 7948 --- [    Test worker] .i.f.i.DefaultIdentifierGeneratorFactory : Registering IdentifierGenerator strategy [uuid] -> [org.hibernate.id.UUIDHexGenerator]
2017-04-07 16:20:07.117 DEBUG 7948 --- [    Test worker] .i.f.i.DefaultIdentifierGeneratorFactory : Registering IdentifierGenerator strategy [uuid.hex] -> [org.hibernate.id.UUIDHexGenerator]
2017-04-07 16:20:07.118 DEBUG 7948 --- [    Test worker] .i.f.i.DefaultIdentifierGeneratorFactory : Registering IdentifierGenerator strategy [assigned] -> [org.hibernate.id.Assigned]
2017-04-07 16:20:07.120 DEBUG 7948 --- [    Test worker] .i.f.i.DefaultIdentifierGeneratorFactory : Registering IdentifierGenerator strategy [identity] -> [org.hibernate.id.IdentityGenerator]
2017-04-07 16:20:07.120 DEBUG 7948 --- [    Test worker] .i.f.i.DefaultIdentifierGeneratorFactory : Registering IdentifierGenerator strategy [select] -> [org.hibernate.id.SelectGenerator]
2017-04-07 16:20:07.122 DEBUG 7948 --- [    Test worker] .i.f.i.DefaultIdentifierGeneratorFactory : Registering IdentifierGenerator strategy [sequence] -> [org.hibernate.id.enhanced.SequenceStyleGenerator]
2017-04-07 16:20:07.123 DEBUG 7948 --- [    Test worker] .i.f.i.DefaultIdentifierGeneratorFactory : Registering IdentifierGenerator strategy [seqhilo] -> [org.hibernate.id.SequenceHiLoGenerator]
2017-04-07 16:20:07.124 DEBUG 7948 --- [    Test worker] .i.f.i.DefaultIdentifierGeneratorFactory : Registering IdentifierGenerator strategy [increment] -> [org.hibernate.id.IncrementGenerator]
2017-04-07 16:20:07.124 DEBUG 7948 --- [    Test worker] .i.f.i.DefaultIdentifierGeneratorFactory : Registering IdentifierGenerator strategy [foreign] -> [org.hibernate.id.ForeignGenerator]
2017-04-07 16:20:07.125 DEBUG 7948 --- [    Test worker] .i.f.i.DefaultIdentifierGeneratorFactory : Registering IdentifierGenerator strategy [sequence-identity] -> [org.hibernate.id.SequenceIdentityGenerator]
2017-04-07 16:20:07.125 DEBUG 7948 --- [    Test worker] .i.f.i.DefaultIdentifierGeneratorFactory : Registering IdentifierGenerator strategy [enhanced-sequence] -> [org.hibernate.id.enhanced.SequenceStyleGenerator]
2017-04-07 16:20:07.126 DEBUG 7948 --- [    Test worker] .i.f.i.DefaultIdentifierGeneratorFactory : Registering IdentifierGenerator strategy [enhanced-table] -> [org.hibernate.id.enhanced.TableGenerator]
2017-04-07 16:20:07.128 DEBUG 7948 --- [    Test worker] .i.f.i.DefaultIdentifierGeneratorFactory : Registering IdentifierGenerator strategy [sequence] -> [org.hibernate.id.SequenceGenerator]
2017-04-07 16:20:07.128 DEBUG 7948 --- [    Test worker] .i.f.i.DefaultIdentifierGeneratorFactory :     - overriding [org.hibernate.id.enhanced.SequenceStyleGenerator]
2017-04-07 16:20:07.175 DEBUG 7948 --- [    Test worker] o.h.boot.model.relational.Namespace      : Created database namespace [logicalName=Name{catalog=null, schema=null}, physicalName=Name{catalog=null, schema=null}]
2017-04-07 16:20:07.206 DEBUG 7948 --- [    Test worker] org.hibernate.cfg.AnnotationBinder       : Binding entity from annotated class: com.example.Organization
2017-04-07 16:20:07.243 DEBUG 7948 --- [    Test worker] org.hibernate.cfg.Ejb3Column             : Binding column: Ejb3DiscriminatorColumn{logicalColumnName'DTYPE', discriminatorTypeName='string'}
2017-04-07 16:20:07.251 DEBUG 7948 --- [    Test worker] o.h.cfg.annotations.EntityBinder         : Import with entity name Organization
2017-04-07 16:20:07.254 DEBUG 7948 --- [    Test worker] o.h.cfg.annotations.EntityBinder         : Bind entity com.example.Organization on table organizations
2017-04-07 16:20:07.282 DEBUG 7948 --- [    Test worker] org.hibernate.cfg.Ejb3Column             : Binding column: Ejb3Column{table=org.hibernate.mapping.Table(organizations), mappingColumn=organization_id, insertable=true, updatable=true, unique=false}
2017-04-07 16:20:07.285 DEBUG 7948 --- [    Test worker] o.h.cfg.annotations.PropertyBinder       : MetadataSourceProcessor property organization_id with lazy=false
2017-04-07 16:20:07.288 DEBUG 7948 --- [    Test worker] o.hibernate.cfg.AbstractPropertyHolder   : Attempting to locate auto-apply AttributeConverter for property [com.example.Organization:organization_id]
2017-04-07 16:20:07.290 DEBUG 7948 --- [    Test worker] o.h.cfg.annotations.SimpleValueBinder    : building SimpleValue for organization_id
2017-04-07 16:20:07.293 DEBUG 7948 --- [    Test worker] o.h.cfg.annotations.PropertyBinder       : Building property organization_id
2017-04-07 16:20:07.298 DEBUG 7948 --- [    Test worker] org.hibernate.cfg.Ejb3Column             : Binding column: Ejb3Column{table=org.hibernate.mapping.Table(organizations), mappingColumn=created_date, insertable=true, updatable=true, unique=false}
2017-04-07 16:20:07.298 DEBUG 7948 --- [    Test worker] o.h.cfg.annotations.PropertyBinder       : MetadataSourceProcessor property created_date with lazy=false
2017-04-07 16:20:07.298 DEBUG 7948 --- [    Test worker] o.hibernate.cfg.AbstractPropertyHolder   : Attempting to locate auto-apply AttributeConverter for property [com.example.Organization:created_date]
2017-04-07 16:20:07.298 DEBUG 7948 --- [    Test worker] o.h.cfg.annotations.SimpleValueBinder    : building SimpleValue for created_date
2017-04-07 16:20:07.298 DEBUG 7948 --- [    Test worker] o.h.cfg.annotations.PropertyBinder       : Building property created_date
2017-04-07 16:20:07.298 DEBUG 7948 --- [    Test worker] org.hibernate.cfg.Ejb3Column             : Binding column: Ejb3Column{table=org.hibernate.mapping.Table(organizations), mappingColumn=organization_name, insertable=true, updatable=true, unique=false}
2017-04-07 16:20:07.299 DEBUG 7948 --- [    Test worker] o.h.cfg.annotations.PropertyBinder       : MetadataSourceProcessor property organization_name with lazy=false
2017-04-07 16:20:07.299 DEBUG 7948 --- [    Test worker] o.hibernate.cfg.AbstractPropertyHolder   : Attempting to locate auto-apply AttributeConverter for property [com.example.Organization:organization_name]
2017-04-07 16:20:07.299 DEBUG 7948 --- [    Test worker] o.h.cfg.annotations.SimpleValueBinder    : building SimpleValue for organization_name
2017-04-07 16:20:07.299 DEBUG 7948 --- [    Test worker] o.h.cfg.annotations.PropertyBinder       : Building property organization_name
2017-04-07 16:20:07.301 DEBUG 7948 --- [    Test worker] o.h.cfg.annotations.SimpleValueBinder    : Starting fillSimpleValue for organization_id
2017-04-07 16:20:07.302 DEBUG 7948 --- [    Test worker] o.h.cfg.annotations.SimpleValueBinder    : Starting fillSimpleValue for created_date
2017-04-07 16:20:07.302 DEBUG 7948 --- [    Test worker] o.h.cfg.annotations.SimpleValueBinder    : Starting fillSimpleValue for organization_name
2017-04-07 16:20:07.304 DEBUG 7948 --- [    Test worker] org.hibernate.mapping.PrimaryKey         : Forcing column [organization_id] to be non-null as it is part of the primary key for table [organizations]
2017-04-07 16:20:07.338 DEBUG 7948 --- [    Test worker] o.hibernate.internal.SessionFactoryImpl  : Building session factory
2017-04-07 16:20:07.339 DEBUG 7948 --- [    Test worker] org.hibernate.cfg.Settings               : SessionFactory name : null
2017-04-07 16:20:07.340 DEBUG 7948 --- [    Test worker] org.hibernate.cfg.Settings               : Automatic flush during beforeCompletion(): disabled
2017-04-07 16:20:07.340 DEBUG 7948 --- [    Test worker] org.hibernate.cfg.Settings               : Automatic session close at end of transaction: disabled
2017-04-07 16:20:07.340 DEBUG 7948 --- [    Test worker] org.hibernate.cfg.Settings               : Statistics: disabled
2017-04-07 16:20:07.340 DEBUG 7948 --- [    Test worker] org.hibernate.cfg.Settings               : Deleted entity synthetic identifier rollback: disabled
2017-04-07 16:20:07.340 DEBUG 7948 --- [    Test worker] org.hibernate.cfg.Settings               : Default entity-mode: pojo
2017-04-07 16:20:07.340 DEBUG 7948 --- [    Test worker] org.hibernate.cfg.Settings               : Check Nullability in Core (should be disabled when Bean Validation is on): enabled
2017-04-07 16:20:07.340 DEBUG 7948 --- [    Test worker] org.hibernate.cfg.Settings               : Allow initialization of lazy state outside session : disabled
2017-04-07 16:20:07.340 DEBUG 7948 --- [    Test worker] org.hibernate.cfg.Settings               : Using BatchFetchStyle : LEGACY
2017-04-07 16:20:07.340 DEBUG 7948 --- [    Test worker] org.hibernate.cfg.Settings               : Default batch fetch size: -1
2017-04-07 16:20:07.340 DEBUG 7948 --- [    Test worker] org.hibernate.cfg.Settings               : Maximum outer join fetch depth: 2
2017-04-07 16:20:07.341 DEBUG 7948 --- [    Test worker] org.hibernate.cfg.Settings               : Default null ordering: NONE
2017-04-07 16:20:07.341 DEBUG 7948 --- [    Test worker] org.hibernate.cfg.Settings               : Order SQL updates by primary key: disabled
2017-04-07 16:20:07.341 DEBUG 7948 --- [    Test worker] org.hibernate.cfg.Settings               : Order SQL inserts for batching: disabled
2017-04-07 16:20:07.341 DEBUG 7948 --- [    Test worker] org.hibernate.cfg.Settings               : multi-tenancy strategy : NONE
2017-04-07 16:20:07.341 DEBUG 7948 --- [    Test worker] org.hibernate.cfg.Settings               : JTA Track by Thread: enabled
2017-04-07 16:20:07.341 DEBUG 7948 --- [    Test worker] org.hibernate.cfg.Settings               : Query language substitutions: {}
2017-04-07 16:20:07.341 DEBUG 7948 --- [    Test worker] org.hibernate.cfg.Settings               : JPA query language strict compliance: disabled
2017-04-07 16:20:07.341 DEBUG 7948 --- [    Test worker] org.hibernate.cfg.Settings               : Named query checking : enabled
2017-04-07 16:20:07.341 DEBUG 7948 --- [    Test worker] org.hibernate.cfg.Settings               : Second-level cache: enabled
2017-04-07 16:20:07.341 DEBUG 7948 --- [    Test worker] org.hibernate.cfg.Settings               : Second-level query cache: disabled
2017-04-07 16:20:07.341 DEBUG 7948 --- [    Test worker] org.hibernate.cfg.Settings               : Second-level query cache factory: org.hibernate.cache.internal.StandardQueryCacheFactory@6c3056f5
2017-04-07 16:20:07.342 DEBUG 7948 --- [    Test worker] org.hibernate.cfg.Settings               : Second-level cache region prefix: null
2017-04-07 16:20:07.342 DEBUG 7948 --- [    Test worker] org.hibernate.cfg.Settings               : Optimize second-level cache for minimal puts: disabled
2017-04-07 16:20:07.342 DEBUG 7948 --- [    Test worker] org.hibernate.cfg.Settings               : Structured second-level cache entries: disabled
2017-04-07 16:20:07.342 DEBUG 7948 --- [    Test worker] org.hibernate.cfg.Settings               : Second-level cache direct-reference entries: disabled
2017-04-07 16:20:07.342 DEBUG 7948 --- [    Test worker] org.hibernate.cfg.Settings               : Automatic eviction of collection cache: disabled
2017-04-07 16:20:07.342 DEBUG 7948 --- [    Test worker] org.hibernate.cfg.Settings               : JDBC batch size: 15
2017-04-07 16:20:07.342 DEBUG 7948 --- [    Test worker] org.hibernate.cfg.Settings               : JDBC batch updates for versioned data: enabled
2017-04-07 16:20:07.342 DEBUG 7948 --- [    Test worker] org.hibernate.cfg.Settings               : Scrollable result sets: enabled
2017-04-07 16:20:07.342 DEBUG 7948 --- [    Test worker] org.hibernate.cfg.Settings               : Wrap result sets: disabled
2017-04-07 16:20:07.342 DEBUG 7948 --- [    Test worker] org.hibernate.cfg.Settings               : JDBC3 getGeneratedKeys(): enabled
2017-04-07 16:20:07.342 DEBUG 7948 --- [    Test worker] org.hibernate.cfg.Settings               : JDBC result set fetch size: null
2017-04-07 16:20:07.342 DEBUG 7948 --- [    Test worker] org.hibernate.cfg.Settings               : Connection release mode: ON_CLOSE
2017-04-07 16:20:07.342 DEBUG 7948 --- [    Test worker] org.hibernate.cfg.Settings               : Generate SQL with comments: disabled
2017-04-07 16:20:07.378 DEBUG 7948 --- [    Test worker] o.hibernate.internal.SessionFactoryImpl  : Returning a Reference to the SessionFactory
2017-04-07 16:20:07.379 DEBUG 7948 --- [    Test worker] o.hibernate.internal.SessionFactoryImpl  : Session factory constructed with filter configurations : {}
2017-04-07 16:20:07.380 DEBUG 7948 --- [    Test worker] o.hibernate.internal.SessionFactoryImpl  : Instantiating session factory with properties: {hibernate.id.new_generator_mappings=false, java.runtime.name=Java(TM) SE Runtime Environment, java.vm.version=25.102-b14, sun.boot.library.path=C:\Program Files\Java\jdk1.8.0_102\jre\bin, hibernate.boot.CfgXmlAccessService.key=org.hibernate.boot.cfgxml.spi.LoadedConfig@3e77d9cf, java.vm.vendor=Oracle Corporation, java.vendor.url=http://java.oracle.com/, path.separator=;, java.vm.name=Java HotSpot(TM) 64-Bit Server VM, file.encoding.pkg=sun.io, sun.os.patch.level=Service Pack 1, user.script=, user.country=US, sun.java.launcher=SUN_STANDARD, PID=7948, java.vm.specification.name=Java Virtual Machine Specification, user.dir=C:\Users\poojitha.nelluri\IdeaProjects\Organization, java.runtime.version=1.8.0_102-b14, javax.persistence.sharedCache.mode=UNSPECIFIED, java.awt.graphicsenv=sun.awt.Win32GraphicsEnvironment, os.arch=amd64, java.endorsed.dirs=C:\Program Files\Java\jdk1.8.0_102\jre\lib\endorsed, org.jboss.logging.provider=slf4j, java.io.tmpdir=C:\Users\POOJIT~1.NEL\AppData\Local\Temp\, line.separator=
, java.vm.specification.vendor=Oracle Corporation, user.variant=, os.name=Windows 7, hibernate.transaction.coordinator_class=class org.hibernate.resource.transaction.backend.jdbc.internal.JdbcResourceLocalTransactionCoordinatorBuilderImpl, sun.jnu.encoding=Cp1252, hibernate.connection.datasource=org.apache.tomcat.jdbc.pool.DataSource@70ee140{ConnectionPool[defaultAutoCommit=null; defaultReadOnly=null; defaultTransactionIsolation=-1; defaultCatalog=null; driverClassName=com.mysql.jdbc.Driver; maxActive=100; maxIdle=100; minIdle=10; initialSize=10; maxWait=30000; testOnBorrow=true; testOnReturn=false; timeBetweenEvictionRunsMillis=5000; numTestsPerEvictionRun=0; minEvictableIdleTimeMillis=60000; testWhileIdle=false; testOnConnect=false; password=********; url=jdbc:mysql://tcfj-rds-db.cimnc2ecuxzw.us-west-2.rds.amazonaws.com:3306/tfcj_rds_db; username=awsmaster; validationQuery=SELECT 1; validationQueryTimeout=-1; validatorClassName=null; validationInterval=3000; accessToUnderlyingConnectionAllowed=true; removeAbandoned=false; removeAbandonedTimeout=60; logAbandoned=false; connectionProperties=null; initSQL=null; jdbcInterceptors=null; jmxEnabled=true; fairQueue=true; useEquals=true; abandonWhenPercentageFull=0; maxAge=0; useLock=false; dataSource=null; dataSourceJNDI=null; suspectTimeout=0; alternateUsernameAllowed=false; commitOnReturn=false; rollbackOnReturn=false; useDisposableConnectionFacade=true; logValidationErrors=false; propagateInterruptState=false; ignoreExceptionOnPreLoad=false; }, java.library.path=C:\Program Files\Java\jdk1.8.0_102\bin;C:\Windows\Sun\Java\bin;C:\Windows\system32;C:\Windows;C:\tibco\tibrv\8.4\bin;C:\ProgramData\Oracle\Java\javapath;C:\Program Files (x86)\Intel\iCLS Client\;C:\Program Files\Intel\iCLS Client\;C:\Windows\system32;C:\Windows;C:\Windows\System32\Wbem;C:\Windows\System32\WindowsPowerShell\v1.0\;C:\Program Files\Intel\WiFi\bin\;C:\Program Files\Common Files\Intel\WirelessCommon\;C:\Program Files\Intel\Intel(R) Management Engine Components\DAL;C:\Program Files\Intel\Intel(R) Management Engine Components\IPT;C:\Program Files (x86)\Intel\Intel(R) Management Engine Components\DAL;C:\Program Files (x86)\Intel\Intel(R) Management Engine Components\IPT;C:\Program Files\nodejs\;C:\Program Files (x86)\Microsoft SQL Server\Client SDK\ODBC\130\Tools\Binn\;C:\Program Files (x86)\Microsoft SQL Server\130\Tools\Binn\;C:\Program Files (x86)\Microsoft SQL Server\130\DTS\Binn\;C:\Program Files (x86)\Microsoft SQL Server\130\Tools\Binn\ManagementStudio\;C:\Program Files\Microsoft SQL Server\Client SDK\ODBC\110\Tools\Binn\;C:\Program Files (x86)\Microsoft SQL Server\120\Tools\Binn\;C:\Program Files\Microsoft SQL Server\120\Tools\Binn\;C:\Program Files\Microsoft SQL Server\120\DTS\Binn\;C:\Program Files\MySQL\MySQL Utilities 1.6\;C:\Program Files\Git\cmd;c:\Program Files (x86)\Microsoft SQL Server\100\Tools\Binn\;c:\Program Files\Microsoft SQL Server\100\Tools\Binn\;c:\Program Files\Microsoft SQL Server\100\DTS\Binn\;c:\Program Files (x86)\Microsoft SQL Server\100\Tools\Binn\VSShell\Common7\IDE\;c:\Program Files (x86)\Microsoft SQL Server\100\DTS\Binn\;c:\Program Files (x86)\Microsoft Visual Studio 9.0\Common7\IDE\PrivateAssemblies\;C:\Program Files (x86)\Skype\Phone\;C:\Users\poojitha.nelluri\AppData\Roaming\npm;., spring.beaninfo.ignore=true, java.class.version=52.0, hibernate.ejb.persistenceUnitName=default, java.specification.name=Java Platform API Specification, sun.management.compiler=HotSpot 64-Bit Tiered Compilers, hibernate.transaction.jta.platform=org.hibernate.engine.transaction.jta.platform.internal.NoJtaPlatform@10f0221e, os.version=6.1, user.home=C:\Users\poojitha.nelluri, user.timezone=America/Chicago, java.awt.printerjob=sun.awt.windows.WPrinterJob, file.encoding=windows-1252, java.specification.version=1.8, hibernate.implicit_naming_strategy=org.springframework.boot.orm.jpa.hibernate.SpringImplicitNamingStrategy, user.name=poojitha.nelluri, java.class.path=C:\Users\poojitha.nelluri\IdeaProjects\Organization\build\classes\test;C:\Users\poojitha.nelluri\IdeaProjects\Organization\build\resources\test;C:\Users\poojitha.nelluri\IdeaProjects\Organization\build\classes\main;C:\Users\poojitha.nelluri\IdeaProjects\Organization\build\resources\main;C:\Users\poojitha.nelluri\.gradle\caches\modules-2\files-2.1\org.springframework.boot\spring-boot-starter-data-jpa\1.5.2.RELEASE\9e2dfd470f0df4a7ba00a71ca462aeefbd382a4d\spring-boot-starter-data-jpa-1.5.2.RELEASE.jar;C:\Users\poojitha.nelluri\.gradle\caches\modules-2\files-2.1\org.springframework.boot\spring-boot-starter-web\1.5.2.RELEASE\27f29876980c079b46be16b759eafe92720f3338\spring-boot-starter-web-1.5.2.RELEASE.jar;C:\Users\poojitha.nelluri\.gradle\caches\modules-2\files-2.1\mysql\mysql-connector-java\6.0.5\9d8df5a1f3273110f2a9ad304961bdd03d696d86\mysql-connector-java-6.0.5.jar;C:\Users\poojitha.nelluri\.gradle\caches\modules-2\files-2.1\org.springframework.boot\spring-boot-starter-test\1.5.2.RELEASE\d1d42ca043ea8b25cdf0ac8a2108ee924bfae707\spring-boot-starter-test-1.5.2.RELEASE.jar;C:\Users\poojitha.nelluri\.gradle\caches\modules-2\files-2.1\org.springframework.boot\spring-boot-starter\1.5.2.RELEASE\c72938c86ed3beadb385f29bc2954c8ca3aa47ab\spring-boot-starter-1.5.2.RELEASE.jar;C:\Users\poojitha.nelluri\.gradle\caches\modules-2\files-2.1\org.springframework.boot\spring-boot-starter-aop\1.5.2.RELEASE\9a21295c00a62bfaaa930ba5f7909fe26eea2562\spring-boot-starter-aop-1.5.2.RELEASE.jar;C:\Users\poojitha.nelluri\.gradle\caches\modules-2\files-2.1\org.springframework.boot\spring-boot-starter-jdbc\1.5.2.RELEASE\bf431678f6e201fadac9b06f4627358c1554d4e0\spring-boot-starter-jdbc-1.5.2.RELEASE.jar;C:\Users\poojitha.nelluri\.gradle\caches\modules-2\files-2.1\org.hibernate\hibernate-core\5.0.12.Final\e58bf1c660e6706d8e2cbb53bae110f574366102\hibernate-core-5.0.12.Final.jar;C:\Users\poojitha.nelluri\.gradle\caches\modules-2\files-2.1\org.hibernate\hibernate-entitymanager\5.0.12.Final\302a526f5058290e9cbd719a5caf9f248d344719\hibernate-entitymanager-5.0.12.Final.jar;C:\Users\poojitha.nelluri\.gradle\caches\modules-2\files-2.1\javax.transaction\javax.transaction-api\1.2\d81aff979d603edd90dcd8db2abc1f4ce6479e3e\javax.transaction-api-1.2.jar;C:\Users\poojitha.nelluri\.gradle\caches\modules-2\files-2.1\org.springframework.data\spring-data-jpa\1.11.1.RELEASE\fa362aecd78883991f57a5d64e19f34b57a2c34d\spring-data-jpa-1.11.1.RELEASE.jar;C:\Users\poojitha.nelluri\.gradle\caches\modules-2\files-2.1\org.springframework\spring-aspects\4.3.7.RELEASE\fa0671826a42f6bac5145ffbc78075493dcb4e8b\spring-aspects-4.3.7.RELEASE.jar;C:\Users\poojitha.nelluri\.gradle\caches\modules-2\files-2.1\org.springframework.boot\spring-boot-starter-tomcat\1.5.2.RELEASE\354320ef371fc4fc126d1bb8564cd73085a48823\spring-boot-starter-tomcat-1.5.2.RELEASE.jar;C:\Users\poojitha.nelluri\.gradle\caches\modules-2\files-2.1\org.hibernate\hibernate-validator\5.3.4.Final\2f6c8c0b646afe18e3ad205726729d3c4a85fe2e\hibernate-validator-5.3.4.Final.jar;C:\Users\poojitha.nelluri\.gradle\caches\modules-2\files-2.1\com.fasterxml.jackson.core\jackson-databind\2.8.7\6c3257ef458ac58a8da69a6dca3d2a15286d88c8\jackson-databind-2.8.7.jar;C:\Users\poojitha.nelluri\.gradle\caches\modules-2\files-2.1\org.springframework\spring-web\4.3.7.RELEASE\7b69fc68cdb74c1c92f72905af6995696fcb56aa\spring-web-4.3.7.RELEASE.jar;C:\Users\poojitha.nelluri\.gradle\caches\modules-2\files-2.1\org.springframework\spring-webmvc\4.3.7.RELEASE\d25b11a605589f176e3ecf1dcae62a991a18b377\spring-webmvc-4.3.7.RELEASE.jar;C:\Users\poojitha.nelluri\.gradle\caches\modules-2\files-2.1\org.springframework.boot\spring-boot-test\1.5.2.RELEASE\7dcdee8bc720b379d6072c742e2a48ccbb00aa09\spring-boot-test-1.5.2.RELEASE.jar;C:\Users\poojitha.nelluri\.gradle\caches\modules-2\files-2.1\org.springframework.boot\spring-boot-test-autoconfigure\1.5.2.RELEASE\5fb69965871626aea437c0d676d3be6186d2415d\spring-boot-test-autoconfigure-1.5.2.RELEASE.jar;C:\Users\poojitha.nelluri\.gradle\caches\modules-2\files-2.1\com.jayway.jsonpath\json-path\2.2.0\22290d17944bd239fabf5ac69005a60a7ecbbbcb\json-path-2.2.0.jar;C:\Users\poojitha.nelluri\.gradle\caches\modules-2\files-2.1\junit\junit\4.12\2973d150c0dc1fefe998f834810d68f278ea58ec\junit-4.12.jar;C:\Users\poojitha.nelluri\.gradle\caches\modules-2\files-2.1\org.assertj\assertj-core\2.6.0\b532c3fc4f66bcfee4989a3514f1cd56203a33ad\assertj-core-2.6.0.jar;C:\Users\poojitha.nelluri\.gradle\caches\modules-2\files-2.1\org.mockito\mockito-core\1.10.19\e8546f5bef4e061d8dd73895b4e8f40e3fe6effe\mockito-core-1.10.19.jar;C:\Users\poojitha.nelluri\.gradle\caches\modules-2\files-2.1\org.hamcrest\hamcrest-core\1.3\42a25dc3219429f0e5d060061f71acb49bf010a0\hamcrest-core-1.3.jar;C:\Users\poojitha.nelluri\.gradle\caches\modules-2\files-2.1\org.hamcrest\hamcrest-library\1.3\4785a3c21320980282f9f33d0d1264a69040538f\hamcrest-library-1.3.jar;C:\Users\poojitha.nelluri\.gradle\caches\modules-2\files-2.1\org.skyscreamer\jsonassert\1.4.0\9cdbb373a06f6513e51e8c545ee6a5e981463edb\jsonassert-1.4.0.jar;C:\Users\poojitha.nelluri\.gradle\caches\modules-2\files-2.1\org.springframework\spring-core\4.3.7.RELEASE\54fa2db94cc7222edc90ec71354e47cd1dc07f7b\spring-core-4.3.7.RELEASE.jar;C:\Users\poojitha.nelluri\.gradle\caches\modules-2\files-2.1\org.springframework\spring-test\4.3.7.RELEASE\480fc4673b53daa1993eb1940711828ebf35807b\spring-test-4.3.7.RELEASE.jar;C:\Users\poojitha.nelluri\.gradle\caches\modules-2\files-2.1\org.springframework.boot\spring-boot\1.5.2.RELEASE\46bb5d8c9ab5d3ef9e158ca5906ee7d3569befc1\spring-boot-1.5.2.RELEASE.jar;C:\Users\poojitha.nelluri\.gradle\caches\modules-2\files-2.1\org.springframework.boot\spring-boot-autoconfigure\1.5.2.RELEASE\8a9b8c747bc2c86eefde10330cb2984541bcb9d1\spring-boot-autoconfigure-1.5.2.RELEASE.jar;C:\Users\poojitha.nelluri\.gradle\caches\modules-2\files-2.1\org.springframework.boot\spring-boot-starter-logging\1.5.2.RELEASE\32210889e1f9bb09ac134b9f43a117ed62f0bed2\spring-boot-starter-logging-1.5.2.RELEASE.jar;C:\Users\poojitha.nelluri\.gradle\caches\modules-2\files-2.1\org.yaml\snakeyaml\1.17\7a27ea250c5130b2922b86dea63cbb1cc10a660c\snakeyaml-1.17.jar;C:\Users\poojitha.nelluri\.gradle\caches\modules-2\files-2.1\org.springframework\spring-aop\4.3.7.RELEASE\3f243d685e4a8a78a0c291445c6d85560ec4d339\spring-aop-4.3.7.RELEASE.jar;C:\Users\poojitha.nelluri\.gradle\caches\modules-2\files-2.1\org.aspectj\aspectjweaver\1.8.9\db28774f477f07220eac18d5ec9c4e01f48589d7\aspectjweaver-1.8.9.jar;C:\Users\poojitha.nelluri\.gradle\caches\modules-2\files-2.1\org.apache.tomcat\tomcat-jdbc\8.5.11\4d156969f12963b5f9232e9fe68ab710c3318ad5\tomcat-jdbc-8.5.11.jar;C:\Users\poojitha.nelluri\.gradle\caches\modules-2\files-2.1\org.springframework\spring-jdbc\4.3.7.RELEASE\305c8db0f9552948aec093528cd01393cc98a646\spring-jdbc-4.3.7.RELEASE.jar;C:\Users\poojitha.nelluri\.gradle\caches\modules-2\files-2.1\org.jboss.logging\jboss-logging\3.3.0.Final\3616bb87707910296e2c195dc016287080bba5af\jboss-logging-3.3.0.Final.jar;C:\Users\poojitha.nelluri\.gradle\caches\modules-2\files-2.1\org.hibernate.javax.persistence\hibernate-jpa-2.1-api\1.0.0.Final\5e731d961297e5a07290bfaf3db1fbc8bbbf405a\hibernate-jpa-2.1-api-1.0.0.Final.jar;C:\Users\poojitha.nelluri\.gradle\caches\modules-2\files-2.1\org.javassist\javassist\3.21.0-GA\598244f595db5c5fb713731eddbb1c91a58d959b\javassist-3.21.0-GA.jar;C:\Users\poojitha.nelluri\.gradle\caches\modules-2\files-2.1\antlr\antlr\2.7.7\83cd2cd674a217ade95a4bb83a8a14f351f48bd0\antlr-2.7.7.jar;C:\Users\poojitha.nelluri\.gradle\caches\modules-2\files-2.1\org.jboss\jandex\2.0.0.Final\3e899258936f94649c777193e1be846387ed54b3\jandex-2.0.0.Final.jar;C:\Users\poojitha.nelluri\.gradle\caches\modules-2\files-2.1\dom4j\dom4j\1.6.1\5d3ccc056b6f056dbf0dddfdf43894b9065a8f94\dom4j-1.6.1.jar;C:\Users\poojitha.nelluri\.gradle\caches\modules-2\files-2.1\org.hibernate.common\hibernate-commons-annotations\5.0.1.Final\71e1cff3fcb20d3b3af4f3363c3ddb24d33c6879\hibernate-commons-annotations-5.0.1.Final.jar;C:\Users\poojitha.nelluri\.gradle\caches\modules-2\files-2.1\org.springframework.data\spring-data-commons\1.13.1.RELEASE\4e4257f2eb3f191613b4b000d43e8d0c3ff4457e\spring-data-commons-1.13.1.RELEASE.jar;C:\Users\poojitha.nelluri\.gradle\caches\modules-2\files-2.1\org.springframework\spring-orm\4.3.7.RELEASE\d9b193994609086ea1f067af07e0af5f53303d92\spring-orm-4.3.7.RELEASE.jar;C:\Users\poojitha.nelluri\.gradle\caches\modules-2\files-2.1\org.springframework\spring-context\4.3.7.RELEASE\34b66b0b7910122ef95ba4fff6da9238ef80a5de\spring-context-4.3.7.RELEASE.jar;C:\Users\poojitha.nelluri\.gradle\caches\modules-2\files-2.1\org.springframework\spring-tx\4.3.7.RELEASE\b761cc783e49b5aa998ac63a721495a9f0f69f9c\spring-tx-4.3.7.RELEASE.jar;C:\Users\poojitha.nelluri\.gradle\caches\modules-2\files-2.1\org.springframework\spring-beans\4.3.7.RELEASE\2de9f59f3202965438f3a02057d6ad8274636044\spring-beans-4.3.7.RELEASE.jar;C:\Users\poojitha.nelluri\.gradle\caches\modules-2\files-2.1\org.slf4j\slf4j-api\1.7.24\3f6b4bd4f8dbe8d4bea06d107a3826469b85c3e9\slf4j-api-1.7.24.jar;C:\Users\poojitha.nelluri\.gradle\caches\modules-2\files-2.1\org.slf4j\jcl-over-slf4j\1.7.24\e6a8629079856a2aa7862c6327ccf6dd1988d7fc\jcl-over-slf4j-1.7.24.jar;C:\Users\poojitha.nelluri\.gradle\caches\modules-2\files-2.1\org.apache.tomcat.embed\tomcat-embed-core\8.5.11\72761f51fc7cef3ee19d4aafc7adc605df9f611f\tomcat-embed-core-8.5.11.jar;C:\Users\poojitha.nelluri\.gradle\caches\modules-2\files-2.1\org.apache.tomcat.embed\tomcat-embed-el\8.5.11\60253815b897166903bf5ec41219c5bb15333a69\tomcat-embed-el-8.5.11.jar;C:\Users\poojitha.nelluri\.gradle\caches\modules-2\files-2.1\org.apache.tomcat.embed\tomcat-embed-websocket\8.5.11\dfa65e7857d46630761c0571758a56f7cbd1e9ba\tomcat-embed-websocket-8.5.11.jar;C:\Users\poojitha.nelluri\.gradle\caches\modules-2\files-2.1\javax.validation\validation-api\1.1.0.Final\8613ae82954779d518631e05daa73a6a954817d5\validation-api-1.1.0.Final.jar;C:\Users\poojitha.nelluri\.gradle\caches\modules-2\files-2.1\com.fasterxml\classmate\1.3.3\864c8e370a691e343210cc7c532fc198cee460d8\classmate-1.3.3.jar;C:\Users\poojitha.nelluri\.gradle\caches\modules-2\files-2.1\com.fasterxml.jackson.core\jackson-annotations\2.8.0\45b426f7796b741035581a176744d91090e2e6fb\jackson-annotations-2.8.0.jar;C:\Users\poojitha.nelluri\.gradle\caches\modules-2\files-2.1\com.fasterxml.jackson.core\jackson-core\2.8.7\8b46f39c78476fb848c81a49fa807a9e9506dddd\jackson-core-2.8.7.jar;C:\Users\poojitha.nelluri\.gradle\caches\modules-2\files-2.1\org.springframework\spring-expression\4.3.7.RELEASE\5257b6486e43d8c05674323fea5b415d4da72f38\spring-expression-4.3.7.RELEASE.jar;C:\Users\poojitha.nelluri\.gradle\caches\modules-2\files-2.1\net.minidev\json-smart\2.2.1\5b9e5df7a62d1279b70dc882b041d249c4f0b002\json-smart-2.2.1.jar;C:\Users\poojitha.nelluri\.gradle\caches\modules-2\files-2.1\org.objenesis\objenesis\2.1\87c0ea803b69252868d09308b4618f766f135a96\objenesis-2.1.jar;C:\Users\poojitha.nelluri\.gradle\caches\modules-2\files-2.1\com.vaadin.external.google\android-json\0.0.20131108.vaadin1\fa26d351fe62a6a17f5cda1287c1c6110dec413f\android-json-0.0.20131108.vaadin1.jar;C:\Users\poojitha.nelluri\.gradle\caches\modules-2\files-2.1\ch.qos.logback\logback-classic\1.1.11\ccedfbacef4a6515d2983e3f89ed753d5d4fb665\logback-classic-1.1.11.jar;C:\Users\poojitha.nelluri\.gradle\caches\modules-2\files-2.1\org.slf4j\jul-to-slf4j\1.7.24\25a2be668cb2ad1d05d76c0773df73b4b53617fd\jul-to-slf4j-1.7.24.jar;C:\Users\poojitha.nelluri\.gradle\caches\modules-2\files-2.1\org.slf4j\log4j-over-slf4j\1.7.24\6ab46c51a3848286a0db3ba7b22037b3834c3c44\log4j-over-slf4j-1.7.24.jar;C:\Users\poojitha.nelluri\.gradle\caches\modules-2\files-2.1\org.apache.tomcat\tomcat-juli\8.5.11\fa0b261ce002175b65ebb6ae8eb4345cb7e57da3\tomcat-juli-8.5.11.jar;C:\Users\poojitha.nelluri\.gradle\caches\modules-2\files-2.1\net.minidev\accessors-smart\1.1\a527213f2fea112a04c9bdf0ec0264e34104cd08\accessors-smart-1.1.jar;C:\Users\poojitha.nelluri\.gradle\caches\modules-2\files-2.1\ch.qos.logback\logback-core\1.1.11\88b8df40340eed549fb07e2613879bf6b006704d\logback-core-1.1.11.jar;C:\Users\poojitha.nelluri\.gradle\caches\modules-2\files-2.1\org.ow2.asm\asm\5.0.3\dcc2193db20e19e1feca8b1240dbbc4e190824fa\asm-5.0.3.jar, hibernate.bytecode.use_reflection_optimizer=false, javax.persistence.validation.mode=AUTO, java.vm.specification.version=1.8, sun.arch.data.model=64, sun.java.command=worker.org.gradle.process.internal.worker.GradleWorkerMain 'Gradle Test Executor 1', java.home=C:\Program Files\Java\jdk1.8.0_102\jre, hibernate.dialect=org.hibernate.dialect.MySQL5Dialect, user.language=en, java.specification.vendor=Oracle Corporation, awt.toolkit=sun.awt.windows.WToolkit, java.vm.info=mixed mode, java.version=1.8.0_102, java.ext.dirs=C:\Program Files\Java\jdk1.8.0_102\jre\lib\ext;C:\Windows\Sun\Java\lib\ext, sun.boot.class.path=C:\Program Files\Java\jdk1.8.0_102\jre\lib\resources.jar;C:\Program Files\Java\jdk1.8.0_102\jre\lib\rt.jar;C:\Program Files\Java\jdk1.8.0_102\jre\lib\sunrsasign.jar;C:\Program Files\Java\jdk1.8.0_102\jre\lib\jsse.jar;C:\Program Files\Java\jdk1.8.0_102\jre\lib\jce.jar;C:\Program Files\Java\jdk1.8.0_102\jre\lib\charsets.jar;C:\Program Files\Java\jdk1.8.0_102\jre\lib\jfr.jar;C:\Program Files\Java\jdk1.8.0_102\jre\classes, java.vendor=Oracle Corporation, java.awt.headless=true, org.gradle.test.worker=1, file.separator=\, java.vendor.url.bug=http://bugreport.sun.com/bugreport/, hibernate.physical_naming_strategy=org.springframework.boot.orm.jpa.hibernate.SpringPhysicalNamingStrategy, sun.io.unicode.encoding=UnicodeLittle, sun.cpu.endian=little, sun.desktop=windows, sun.cpu.isalist=amd64}
2017-04-07 16:20:07.398 DEBUG 7948 --- [    Test worker] o.h.v.i.e.r.DefaultTraversableResolver   : Found javax.persistence.Persistence on classpath containing 'getPersistenceUtil'. Assuming JPA 2 environment. Trying to instantiate JPA aware TraversableResolver
2017-04-07 16:20:07.398 DEBUG 7948 --- [    Test worker] o.h.v.i.e.r.DefaultTraversableResolver   : Instantiated JPA aware TraversableResolver of type org.hibernate.validator.internal.engine.resolver.JPATraversableResolver.
2017-04-07 16:20:07.398 DEBUG 7948 --- [    Test worker] o.h.v.internal.xml.ValidationXmlParser   : Trying to load META-INF/validation.xml for XML based Validator configuration.
2017-04-07 16:20:07.398 DEBUG 7948 --- [    Test worker] o.h.v.internal.xml.ResourceLoaderHelper  : Trying to load META-INF/validation.xml via TCCL
2017-04-07 16:20:07.399 DEBUG 7948 --- [    Test worker] o.h.v.internal.xml.ResourceLoaderHelper  : Trying to load META-INF/validation.xml via Hibernate Validator's class loader
2017-04-07 16:20:07.399 DEBUG 7948 --- [    Test worker] o.h.v.internal.xml.ValidationXmlParser   : No META-INF/validation.xml found. Using annotation based configuration only.
2017-04-07 16:20:07.402 DEBUG 7948 --- [    Test worker] o.h.boot.internal.ClassLoaderAccessImpl  : Not known whether passed class name [com.example.Organization] is safe
2017-04-07 16:20:07.402 DEBUG 7948 --- [    Test worker] o.h.boot.internal.ClassLoaderAccessImpl  : No temp ClassLoader provided; using live ClassLoader for loading potentially unsafe class : com.example.Organization
2017-04-07 16:20:07.406 DEBUG 7948 --- [    Test worker] org.hibernate.secure.spi.JaccIntegrator  : Skipping JACC integration as it was not enabled
2017-04-07 16:20:07.411 DEBUG 7948 --- [    Test worker] org.hibernate.engine.spi.CascadeStyles   : External cascade style regsitration [persist : STYLE_PERSIST_SKIPLAZY] overrode base registration [STYLE_PERSIST]
2017-04-07 16:20:07.445 DEBUG 7948 --- [    Test worker] o.h.boot.internal.ClassLoaderAccessImpl  : Not known whether passed class name [com.example.Organization] is safe
2017-04-07 16:20:07.445 DEBUG 7948 --- [    Test worker] o.h.boot.internal.ClassLoaderAccessImpl  : No temp ClassLoader provided; using live ClassLoader for loading potentially unsafe class : com.example.Organization
2017-04-07 16:20:07.459 DEBUG 7948 --- [    Test worker] o.h.boot.internal.ClassLoaderAccessImpl  : Not known whether passed class name [com.example.Organization] is safe
2017-04-07 16:20:07.459 DEBUG 7948 --- [    Test worker] o.h.boot.internal.ClassLoaderAccessImpl  : No temp ClassLoader provided; using live ClassLoader for loading potentially unsafe class : com.example.Organization
2017-04-07 16:20:07.496 DEBUG 7948 --- [    Test worker] o.h.p.entity.AbstractEntityPersister     : Static SQL for entity: com.example.Organization
2017-04-07 16:20:07.496 DEBUG 7948 --- [    Test worker] o.h.p.entity.AbstractEntityPersister     :  Version select: select organization_id from organizations where organization_id =?
2017-04-07 16:20:07.496 DEBUG 7948 --- [    Test worker] o.h.p.entity.AbstractEntityPersister     :  Snapshot select: select organizati_.organization_id, organizati_.created_date as created_2_0_, organizati_.organization_name as organiza3_0_ from organizations organizati_ where organizati_.organization_id=?
2017-04-07 16:20:07.496 DEBUG 7948 --- [    Test worker] o.h.p.entity.AbstractEntityPersister     :  Insert 0: insert into organizations (created_date, organization_name, organization_id) values (?, ?, ?)
2017-04-07 16:20:07.497 DEBUG 7948 --- [    Test worker] o.h.p.entity.AbstractEntityPersister     :  Update 0: update organizations set created_date=?, organization_name=? where organization_id=?
2017-04-07 16:20:07.497 DEBUG 7948 --- [    Test worker] o.h.p.entity.AbstractEntityPersister     :  Delete 0: delete from organizations where organization_id=?
2017-04-07 16:20:07.497 DEBUG 7948 --- [    Test worker] o.h.p.entity.AbstractEntityPersister     :  Identity insert: insert into organizations (created_date, organization_name) values (?, ?)
2017-04-07 16:20:07.519 DEBUG 7948 --- [    Test worker] o.h.l.p.b.i.spaces.QuerySpacesImpl       : Adding QuerySpace : uid = <gen:0> -> org.hibernate.loader.plan.build.internal.spaces.EntityQuerySpaceImpl@20ef9aad]
2017-04-07 16:20:07.520 DEBUG 7948 --- [    Test worker] o.h.p.walking.spi.MetamodelGraphWalker   : Visiting attribute path : created_date
2017-04-07 16:20:07.520 DEBUG 7948 --- [    Test worker] o.h.p.walking.spi.MetamodelGraphWalker   : Visiting attribute path : organization_name
2017-04-07 16:20:07.520 DEBUG 7948 --- [    Test worker] lanBuildingAssociationVisitationStrategy : Building LoadPlan...
2017-04-07 16:20:07.531 DEBUG 7948 --- [    Test worker] h.l.p.e.i.LoadQueryJoinAndFetchProcessor : processing queryspace <gen:0>
2017-04-07 16:20:07.535 DEBUG 7948 --- [    Test worker] o.h.l.p.build.spi.LoadPlanTreePrinter    : LoadPlan(entity=com.example.Organization)
    - Returns
       - EntityReturnImpl(entity=com.example.Organization, querySpaceUid=<gen:0>, path=com.example.Organization)
    - QuerySpaces
       - EntityQuerySpaceImpl(uid=<gen:0>, entity=com.example.Organization)
          - SQL table alias mapping - organizati0_
          - alias suffix - 0_
          - suffixed key columns - {organiza1_0_0_}

2017-04-07 16:20:07.537 DEBUG 7948 --- [    Test worker] o.h.loader.entity.plan.EntityLoader      : Static select for entity com.example.Organization [NONE]: select organizati0_.organization_id as organiza1_0_0_, organizati0_.created_date as created_2_0_0_, organizati0_.organization_name as organiza3_0_0_ from organizations organizati0_ where organizati0_.organization_id=?
2017-04-07 16:20:07.538 DEBUG 7948 --- [    Test worker] o.h.l.p.b.i.spaces.QuerySpacesImpl       : Adding QuerySpace : uid = <gen:0> -> org.hibernate.loader.plan.build.internal.spaces.EntityQuerySpaceImpl@1823bbf3]
2017-04-07 16:20:07.538 DEBUG 7948 --- [    Test worker] o.h.p.walking.spi.MetamodelGraphWalker   : Visiting attribute path : created_date
2017-04-07 16:20:07.538 DEBUG 7948 --- [    Test worker] o.h.p.walking.spi.MetamodelGraphWalker   : Visiting attribute path : organization_name
2017-04-07 16:20:07.538 DEBUG 7948 --- [    Test worker] lanBuildingAssociationVisitationStrategy : Building LoadPlan...
[...]
2017-04-07 16:20:07.539 DEBUG 7948 --- [    Test worker] o.h.l.p.b.i.spaces.QuerySpacesImpl       : Adding QuerySpace : uid = <gen:0> -> org.hibernate.loader.plan.build.internal.spaces.EntityQuerySpaceImpl@5bcad70]
2017-04-07 16:20:07.540 DEBUG 7948 --- [    Test worker] o.h.p.walking.spi.MetamodelGraphWalker   : Visiting attribute path : created_date
2017-04-07 16:20:07.540 DEBUG 7948 --- [    Test worker] o.h.p.walking.spi.MetamodelGraphWalker   : Visiting attribute path : organization_name
2017-04-07 16:20:07.540 DEBUG 7948 --- [    Test worker] lanBuildingAssociationVisitationStrategy : Building LoadPlan...
2017-04-07 16:20:07.540 DEBUG 7948 --- [    Test worker] h.l.p.e.i.LoadQueryJoinAndFetchProcessor : processing queryspace <gen:0>
2017-04-07 16:20:07.540 DEBUG 7948 --- [    Test worker] o.h.l.p.build.spi.LoadPlanTreePrinter    : LoadPlan(entity=com.example.Organization)
    - Returns
       - EntityReturnImpl(entity=com.example.Organization, querySpaceUid=<gen:0>, path=com.example.Organization)
    - QuerySpaces
       - EntityQuerySpaceImpl(uid=<gen:0>, entity=com.example.Organization)
          - SQL table alias mapping - organizati0_
          - alias suffix - 0_
          - suffixed key columns - {organiza1_0_0_}

2017-04-07 16:20:07.540 DEBUG 7948 --- [    Test worker] o.h.loader.entity.plan.EntityLoader      : Static select for entity com.example.Organization [UPGRADE]: select organizati0_.organization_id as organiza1_0_0_, organizati0_.created_date as created_2_0_0_, organizati0_.organization_name as organiza3_0_0_ from organizations organizati0_ where organizati0_.organization_id=? for update
2017-04-07 16:20:07.541 DEBUG 7948 --- [    Test worker] o.h.l.p.b.i.spaces.QuerySpacesImpl       : Adding QuerySpace : uid = <gen:0> -> org.hibernate.loader.plan.build.internal.spaces.EntityQuerySpaceImpl@73aefc42]
2017-04-07 16:20:07.541 DEBUG 7948 --- [    Test worker] o.h.p.walking.spi.MetamodelGraphWalker   : Visiting attribute path : created_date
2017-04-07 16:20:07.541 DEBUG 7948 --- [    Test worker] o.h.p.walking.spi.MetamodelGraphWalker   : Visiting attribute path : organization_name
2017-04-07 16:20:07.541 DEBUG 7948 --- [    Test worker] lanBuildingAssociationVisitationStrategy : Building LoadPlan...
2017-04-07 16:20:07.541 DEBUG 7948 --- [    Test worker] h.l.p.e.i.LoadQueryJoinAndFetchProcessor : processing queryspace <gen:0>
2017-04-07 16:20:07.541 DEBUG 7948 --- [    Test worker] o.h.l.p.build.spi.LoadPlanTreePrinter    : LoadPlan(entity=com.example.Organization)
    - Returns
       - EntityReturnImpl(entity=com.example.Organization, querySpaceUid=<gen:0>, path=com.example.Organization)
    - QuerySpaces
       - EntityQuerySpaceImpl(uid=<gen:0>, entity=com.example.Organization)
          - SQL table alias mapping - organizati0_
          - alias suffix - 0_
          - suffixed key columns - {organiza1_0_0_}

2017-04-07 16:20:07.541 DEBUG 7948 --- [    Test worker] o.h.loader.entity.plan.EntityLoader      : Static select for entity com.example.Organization [UPGRADE_NOWAIT]: select organizati0_.organization_id as organiza1_0_0_, organizati0_.created_date as created_2_0_0_, organizati0_.organization_name as organiza3_0_0_ from organizations organizati0_ where organizati0_.organization_id=? for update
2017-04-07 16:20:07.541 DEBUG 7948 --- [    Test worker] o.h.l.p.b.i.spaces.QuerySpacesImpl       : Adding QuerySpace : uid = <gen:0> -> org.hibernate.loader.plan.build.internal.spaces.EntityQuerySpaceImpl@3b21ae6c]
2017-04-07 16:20:07.542 DEBUG 7948 --- [    Test worker] o.h.p.walking.spi.MetamodelGraphWalker   : Visiting attribute path : created_date
2017-04-07 16:20:07.542 DEBUG 7948 --- [    Test worker] o.h.p.walking.spi.MetamodelGraphWalker   : Visiting attribute path : organization_name
2017-04-07 16:20:07.542 DEBUG 7948 --- [    Test worker] lanBuildingAssociationVisitationStrategy : Building LoadPlan...
2017-04-07 16:20:07.542 DEBUG 7948 --- [    Test worker] h.l.p.e.i.LoadQueryJoinAndFetchProcessor : processing queryspace <gen:0>
2017-04-07 16:20:07.542 DEBUG 7948 --- [    Test worker] o.h.l.p.build.spi.LoadPlanTreePrinter    : LoadPlan(entity=com.example.Organization)
    - Returns
       - EntityReturnImpl(entity=com.example.Organization, querySpaceUid=<gen:0>, path=com.example.Organization)
    - QuerySpaces
       - EntityQuerySpaceImpl(uid=<gen:0>, entity=com.example.Organization)
          - SQL table alias mapping - organizati0_
          - alias suffix - 0_
          - suffixed key columns - {organiza1_0_0_}

2017-04-07 16:20:07.542 DEBUG 7948 --- [    Test worker] o.h.loader.entity.plan.EntityLoader      : Static select for entity com.example.Organization [UPGRADE_SKIPLOCKED]: select organizati0_.organization_id as organiza1_0_0_, organizati0_.created_date as created_2_0_0_, organizati0_.organization_name as organiza3_0_0_ from organizations organizati0_ where organizati0_.organization_id=? for update
2017-04-07 16:20:07.542 DEBUG 7948 --- [    Test worker] o.h.l.p.b.i.spaces.QuerySpacesImpl       : Adding QuerySpace : uid = <gen:0> -> org.hibernate.loader.plan.build.internal.spaces.EntityQuerySpaceImpl@701b4719]
2017-04-07 16:20:07.542 DEBUG 7948 --- [    Test worker] o.h.p.walking.spi.MetamodelGraphWalker   : Visiting attribute path : created_date
2017-04-07 16:20:07.542 DEBUG 7948 --- [    Test worker] o.h.p.walking.spi.MetamodelGraphWalker   : Visiting attribute path : organization_name
2017-04-07 16:20:07.543 DEBUG 7948 --- [    Test worker] lanBuildingAssociationVisitationStrategy : Building LoadPlan...
2017-04-07 16:20:07.543 DEBUG 7948 --- [    Test worker] h.l.p.e.i.LoadQueryJoinAndFetchProcessor : processing queryspace <gen:0>
2017-04-07 16:20:07.543 DEBUG 7948 --- [    Test worker] o.h.l.p.build.spi.LoadPlanTreePrinter    : LoadPlan(entity=com.example.Organization)
    - Returns
       - EntityReturnImpl(entity=com.example.Organization, querySpaceUid=<gen:0>, path=com.example.Organization)
    - QuerySpaces
       - EntityQuerySpaceImpl(uid=<gen:0>, entity=com.example.Organization)
          - SQL table alias mapping - organizati0_
          - alias suffix - 0_
          - suffixed key columns - {organiza1_0_0_}

2017-04-07 16:20:07.543 DEBUG 7948 --- [    Test worker] o.h.loader.entity.plan.EntityLoader      : Static select for entity com.example.Organization [FORCE]: select organizati0_.organization_id as organiza1_0_0_, organizati0_.created_date as created_2_0_0_, organizati0_.organization_name as organiza3_0_0_ from organizations organizati0_ where organizati0_.organization_id=? for update
2017-04-07 16:20:07.543 DEBUG 7948 --- [    Test worker] o.h.l.p.b.i.spaces.QuerySpacesImpl       : Adding QuerySpace : uid = <gen:0> -> org.hibernate.loader.plan.build.internal.spaces.EntityQuerySpaceImpl@2ffaed0f]
2017-04-07 16:20:07.543 DEBUG 7948 --- [    Test worker] o.h.p.walking.spi.MetamodelGraphWalker   : Visiting attribute path : created_date
2017-04-07 16:20:07.543 DEBUG 7948 --- [    Test worker] o.h.p.walking.spi.MetamodelGraphWalker   : Visiting attribute path : organization_name
2017-04-07 16:20:07.543 DEBUG 7948 --- [    Test worker] lanBuildingAssociationVisitationStrategy : Building LoadPlan...
2017-04-07 16:20:07.544 DEBUG 7948 --- [    Test worker] h.l.p.e.i.LoadQueryJoinAndFetchProcessor : processing queryspace <gen:0>
2017-04-07 16:20:07.544 DEBUG 7948 --- [    Test worker] o.h.l.p.build.spi.LoadPlanTreePrinter    : LoadPlan(entity=com.example.Organization)
    - Returns
       - EntityReturnImpl(entity=com.example.Organization, querySpaceUid=<gen:0>, path=com.example.Organization)
    - QuerySpaces
       - EntityQuerySpaceImpl(uid=<gen:0>, entity=com.example.Organization)
          - SQL table alias mapping - organizati0_
          - alias suffix - 0_
          - suffixed key columns - {organiza1_0_0_}

2017-04-07 16:20:07.544 DEBUG 7948 --- [    Test worker] o.h.loader.entity.plan.EntityLoader      : Static select for entity com.example.Organization [PESSIMISTIC_READ]: select organizati0_.organization_id as organiza1_0_0_, organizati0_.created_date as created_2_0_0_, organizati0_.organization_name as organiza3_0_0_ from organizations organizati0_ where organizati0_.organization_id=? lock in share mode
2017-04-07 16:20:07.544 DEBUG 7948 --- [    Test worker] o.h.l.p.b.i.spaces.QuerySpacesImpl       : Adding QuerySpace : uid = <gen:0> -> org.hibernate.loader.plan.build.internal.spaces.EntityQuerySpaceImpl@6e02c7cb]
2017-04-07 16:20:07.544 DEBUG 7948 --- [    Test worker] o.h.p.walking.spi.MetamodelGraphWalker   : Visiting attribute path : created_date
2017-04-07 16:20:07.544 DEBUG 7948 --- [    Test worker] o.h.p.walking.spi.MetamodelGraphWalker   : Visiting attribute path : organization_name
2017-04-07 16:20:07.544 DEBUG 7948 --- [    Test worker] lanBuildingAssociationVisitationStrategy : Building LoadPlan...
2017-04-07 16:20:07.544 DEBUG 7948 --- [    Test worker] h.l.p.e.i.LoadQueryJoinAndFetchProcessor : processing queryspace <gen:0>
2017-04-07 16:20:07.545 DEBUG 7948 --- [    Test worker] o.h.l.p.build.spi.LoadPlanTreePrinter    : LoadPlan(entity=com.example.Organization)
    - Returns
       - EntityReturnImpl(entity=com.example.Organization, querySpaceUid=<gen:0>, path=com.example.Organization)
    - QuerySpaces
       - EntityQuerySpaceImpl(uid=<gen:0>, entity=com.example.Organization)
          - SQL table alias mapping - organizati0_
          - alias suffix - 0_
          - suffixed key columns - {organiza1_0_0_}

2017-04-07 16:20:07.545 DEBUG 7948 --- [    Test worker] o.h.loader.entity.plan.EntityLoader      : Static select for entity com.example.Organization [PESSIMISTIC_WRITE]: select organizati0_.organization_id as organiza1_0_0_, organizati0_.created_date as created_2_0_0_, organizati0_.organization_name as organiza3_0_0_ from organizations organizati0_ where organizati0_.organization_id=? for update
2017-04-07 16:20:07.545 DEBUG 7948 --- [    Test worker] o.h.l.p.b.i.spaces.QuerySpacesImpl       : Adding QuerySpace : uid = <gen:0> -> org.hibernate.loader.plan.build.internal.spaces.EntityQuerySpaceImpl@7c885591]
2017-04-07 16:20:07.545 DEBUG 7948 --- [    Test worker] o.h.p.walking.spi.MetamodelGraphWalker   : Visiting attribute path : created_date
2017-04-07 16:20:07.545 DEBUG 7948 --- [    Test worker] o.h.p.walking.spi.MetamodelGraphWalker   : Visiting attribute path : organization_name
2017-04-07 16:20:07.545 DEBUG 7948 --- [    Test worker] lanBuildingAssociationVisitationStrategy : Building LoadPlan...
2017-04-07 16:20:07.545 DEBUG 7948 --- [    Test worker] h.l.p.e.i.LoadQueryJoinAndFetchProcessor : processing queryspace <gen:0>
2017-04-07 16:20:07.546 DEBUG 7948 --- [    Test worker] o.h.l.p.build.spi.LoadPlanTreePrinter    : LoadPlan(entity=com.example.Organization)
    - Returns
       - EntityReturnImpl(entity=com.example.Organization, querySpaceUid=<gen:0>, path=com.example.Organization)
    - QuerySpaces
       - EntityQuerySpaceImpl(uid=<gen:0>, entity=com.example.Organization)
          - SQL table alias mapping - organizati0_
          - alias suffix - 0_
          - suffixed key columns - {organiza1_0_0_}

2017-04-07 16:20:07.546 DEBUG 7948 --- [    Test worker] o.h.loader.entity.plan.EntityLoader      : Static select for entity com.example.Organization [PESSIMISTIC_FORCE_INCREMENT]: select organizati0_.organization_id as organiza1_0_0_, organizati0_.created_date as created_2_0_0_, organizati0_.organization_name as organiza3_0_0_ from organizations organizati0_ where organizati0_.organization_id=? for update
2017-04-07 16:20:07.546 DEBUG 7948 --- [    Test worker] o.h.l.p.b.i.spaces.QuerySpacesImpl       : Adding QuerySpace : uid = <gen:0> -> org.hibernate.loader.plan.build.internal.spaces.EntityQuerySpaceImpl@1b46e36b]
2017-04-07 16:20:07.547 DEBUG 7948 --- [    Test worker] o.h.p.walking.spi.MetamodelGraphWalker   : Visiting attribute path : created_date
2017-04-07 16:20:07.547 DEBUG 7948 --- [    Test worker] o.h.p.walking.spi.MetamodelGraphWalker   : Visiting attribute path : organization_name
2017-04-07 16:20:07.547 DEBUG 7948 --- [    Test worker] lanBuildingAssociationVisitationStrategy : Building LoadPlan...
2017-04-07 16:20:07.548 DEBUG 7948 --- [    Test worker] h.l.p.e.i.LoadQueryJoinAndFetchProcessor : processing queryspace <gen:0>
2017-04-07 16:20:07.548 DEBUG 7948 --- [    Test worker] o.h.l.p.build.spi.LoadPlanTreePrinter    : LoadPlan(entity=com.example.Organization)
    - Returns
       - EntityReturnImpl(entity=com.example.Organization, querySpaceUid=<gen:0>, path=com.example.Organization)
    - QuerySpaces
       - EntityQuerySpaceImpl(uid=<gen:0>, entity=com.example.Organization)
          - SQL table alias mapping - organizati0_
          - alias suffix - 0_
          - suffixed key columns - {organiza1_0_0_}

2017-04-07 16:20:07.548 DEBUG 7948 --- [    Test worker] o.h.loader.entity.plan.EntityLoader      : Static select for entity com.example.Organization [OPTIMISTIC]: select organizati0_.organization_id as organiza1_0_0_, organizati0_.created_date as created_2_0_0_, organizati0_.organization_name as organiza3_0_0_ from organizations organizati0_ where organizati0_.organization_id=?
2017-04-07 16:20:07.549 DEBUG 7948 --- [    Test worker] o.h.l.p.b.i.spaces.QuerySpacesImpl       : Adding QuerySpace : uid = <gen:0> -> org.hibernate.loader.plan.build.internal.spaces.EntityQuerySpaceImpl@33bc8416]
2017-04-07 16:20:07.551 DEBUG 7948 --- [    Test worker] o.h.p.walking.spi.MetamodelGraphWalker   : Visiting attribute path : created_date
2017-04-07 16:20:07.551 DEBUG 7948 --- [    Test worker] o.h.p.walking.spi.MetamodelGraphWalker   : Visiting attribute path : organization_name
2017-04-07 16:20:07.551 DEBUG 7948 --- [    Test worker] lanBuildingAssociationVisitationStrategy : Building LoadPlan...
2017-04-07 16:20:07.551 DEBUG 7948 --- [    Test worker] h.l.p.e.i.LoadQueryJoinAndFetchProcessor : processing queryspace <gen:0>
2017-04-07 16:20:07.551 DEBUG 7948 --- [    Test worker] o.h.l.p.build.spi.LoadPlanTreePrinter    : LoadPlan(entity=com.example.Organization)
    - Returns
       - EntityReturnImpl(entity=com.example.Organization, querySpaceUid=<gen:0>, path=com.example.Organization)
    - QuerySpaces
       - EntityQuerySpaceImpl(uid=<gen:0>, entity=com.example.Organization)
          - SQL table alias mapping - organizati0_
          - alias suffix - 0_
          - suffixed key columns - {organiza1_0_0_}

2017-04-07 16:20:07.551 DEBUG 7948 --- [    Test worker] o.h.loader.entity.plan.EntityLoader      : Static select for entity com.example.Organization [OPTIMISTIC_FORCE_INCREMENT]: select organizati0_.organization_id as organiza1_0_0_, organizati0_.created_date as created_2_0_0_, organizati0_.organization_name as organiza3_0_0_ from organizations organizati0_ where organizati0_.organization_id=?
2017-04-07 16:20:07.567 DEBUG 7948 --- [    Test worker] org.hibernate.loader.Loader              : Static select for action ACTION_MERGE on entity com.example.Organization: select organizati0_.organization_id as organiza1_0_0_, organizati0_.created_date as created_2_0_0_, organizati0_.organization_name as organiza3_0_0_ from organizations organizati0_ where organizati0_.organization_id=?
2017-04-07 16:20:07.567 DEBUG 7948 --- [    Test worker] org.hibernate.loader.Loader              : Static select for action ACTION_REFRESH on entity com.example.Organization: select organizati0_.organization_id as organiza1_0_0_, organizati0_.created_date as created_2_0_0_, organizati0_.organization_name as organiza3_0_0_ from organizations organizati0_ where organizati0_.organization_id=?
2017-04-07 16:20:07.567 DEBUG 7948 --- [    Test worker] o.hibernate.internal.SessionFactoryImpl  : Instantiated session factory
2017-04-07 16:20:07.569 DEBUG 7948 --- [    Test worker] o.h.internal.NamedQueryRepository        : Checking 0 named HQL queries
2017-04-07 16:20:07.570 DEBUG 7948 --- [    Test worker] o.h.internal.NamedQueryRepository        : Checking 0 named SQL queries
2017-04-07 16:20:07.571 DEBUG 7948 --- [    Test worker] o.h.internal.SessionFactoryRegistry      : Initializing SessionFactoryRegistry : org.hibernate.internal.SessionFactoryRegistry@41977f69
2017-04-07 16:20:07.571 DEBUG 7948 --- [    Test worker] o.h.internal.SessionFactoryRegistry      : Registering SessionFactory: 400d0de2-e612-4a0d-9f6a-0d2aeeefe6c9 (<unnamed>)
2017-04-07 16:20:07.571 DEBUG 7948 --- [    Test worker] o.h.internal.SessionFactoryRegistry      : Not binding SessionFactory to JNDI, no JNDI name configured
2017-04-07 16:20:07.574 DEBUG 7948 --- [    Test worker] o.h.j.i.schemagen.JpaSchemaGenerator     : No actions specified; doing nothing
2017-04-07 16:20:07.602 DEBUG 7948 --- [    Test worker] o.h.j.i.EntityManagerFactoryRegistry     : Initializing EntityManagerFactoryRegistry : org.hibernate.jpa.internal.EntityManagerFactoryRegistry@2af2d7b8
2017-04-07 16:20:07.603 DEBUG 7948 --- [    Test worker] o.h.j.i.EntityManagerFactoryRegistry     : Registering EntityManagerFactory: default 
2017-04-07 16:20:07.603  INFO 7948 --- [    Test worker] j.LocalContainerEntityManagerFactoryBean : Initialized JPA EntityManagerFactory for persistence unit 'default'
2017-04-07 16:20:07.761 DEBUG 7948 --- [    Test worker] o.h.stat.internal.StatisticsInitiator    : Statistics initialized [enabled=false]
2017-04-07 16:20:08.907  INFO 7948 --- [    Test worker] s.w.s.m.m.a.RequestMappingHandlerAdapter : Looking for @ControllerAdvice: org.springframework.web.context.support.GenericWebApplicationContext@1dbd92ec: startup date [Fri Apr 07 16:19:59 CDT 2017]; root of context hierarchy
2017-04-07 16:20:09.036  INFO 7948 --- [    Test worker] s.w.s.m.m.a.RequestMappingHandlerMapping : Mapped "{[/tcfj/organizations],methods=[GET]}" onto public java.util.List<com.example.Organization> com.example.OrganizationController.getAllOrganizations()
2017-04-07 16:20:09.040  INFO 7948 --- [    Test worker] s.w.s.m.m.a.RequestMappingHandlerMapping : Mapped "{[/error]}" onto public org.springframework.http.ResponseEntity<java.util.Map<java.lang.String, java.lang.Object>> org.springframework.boot.autoconfigure.web.BasicErrorController.error(javax.servlet.http.HttpServletRequest)
2017-04-07 16:20:09.040  INFO 7948 --- [    Test worker] s.w.s.m.m.a.RequestMappingHandlerMapping : Mapped "{[/error],produces=[text/html]}" onto public org.springframework.web.servlet.ModelAndView org.springframework.boot.autoconfigure.web.BasicErrorController.errorHtml(javax.servlet.http.HttpServletRequest,javax.servlet.http.HttpServletResponse)
2017-04-07 16:20:09.079  INFO 7948 --- [    Test worker] o.s.w.s.handler.SimpleUrlHandlerMapping  : Mapped URL path [/webjars/**] onto handler of type [class org.springframework.web.servlet.resource.ResourceHttpRequestHandler]
2017-04-07 16:20:09.080  INFO 7948 --- [    Test worker] o.s.w.s.handler.SimpleUrlHandlerMapping  : Mapped URL path [/**] onto handler of type [class org.springframework.web.servlet.resource.ResourceHttpRequestHandler]
2017-04-07 16:20:09.130  INFO 7948 --- [    Test worker] o.s.w.s.handler.SimpleUrlHandlerMapping  : Mapped URL path [/**/favicon.ico] onto handler of type [class org.springframework.web.servlet.resource.ResourceHttpRequestHandler]
2017-04-07 16:20:09.458  INFO 7948 --- [    Test worker] c.example.OrganizationApplicationTests   : Started OrganizationApplicationTests in 9.962 seconds (JVM running for 11.177)
]]></system-out>
  <system-err><![CDATA[Loading class `com.mysql.jdbc.Driver'. This is deprecated. The new driver class is `com.mysql.cj.jdbc.Driver'. The driver is automatically registered via the SPI and manual loading of the driver class is generally unnecessary.
]]></system-err>
</testsuite>
